--------------------------------------------------------------------------------------------------------
       log:  C:\Class\Econ560\data\neills5.log
  log type:  text
 opened on:  15 Oct 2009, 15:15:12

. use nlsy00;

. *******;
. * Table 3, column 1;
. *******;
. replace afqtp89=afqtp89/100.0;
afqtp89 was byte now float
(5398 real changes made)

. reg lropc00 black         
>        if female==0 & hispanic==0;

      Source |       SS       df       MS              Number of obs =    2175
-------------+------------------------------           F(  1,  2173) =  197.91
       Model |  56.6843941     1  56.6843941           Prob > F      =  0.0000
    Residual |  622.395392  2173  .286422178           R-squared     =  0.0835
-------------+------------------------------           Adj R-squared =  0.0831
       Total |  679.079786  2174  .312364207           Root MSE      =  .53518

------------------------------------------------------------------------------
     lropc00 |      Coef.   Std. Err.      t    P>|t|     [95% Conf. Interval]
-------------+----------------------------------------------------------------
       black |  -.3386951   .0240758   -14.07   0.000     -.385909   -.2914811
       _cons |   2.897854   .0142224   203.75   0.000     2.869963    2.925745
------------------------------------------------------------------------------

.  reg lropc00 black age00 msa ctrlcity north_central south00 west        
>        if female==0 & hispanic==0;

      Source |       SS       df       MS              Number of obs =    2175
-------------+------------------------------           F(  7,  2167) =   43.49
       Model |  83.6555525     7  11.9507932           Prob > F      =  0.0000
    Residual |  595.424234  2167  .274768913           R-squared     =  0.1232
-------------+------------------------------           Adj R-squared =  0.1204
       Total |  679.079786  2174  .312364207           Root MSE      =  .52418

------------------------------------------------------------------------------
     lropc00 |      Coef.   Std. Err.      t    P>|t|     [95% Conf. Interval]
-------------+----------------------------------------------------------------
       black |  -.2795455   .0259473   -10.77   0.000    -.3304297   -.2286613
       age00 |   .0135888   .0050226     2.71   0.007     .0037391    .0234385
         msa |   .2610563   .0439696     5.94   0.000     .1748293    .3472834
    ctrlcity |   .1506982   .0479439     3.14   0.002     .0566774    .2447189
north_cent~l |  -.1045737   .0350545    -2.98   0.003    -.1733177   -.0358297
     south00 |   -.174009   .0334792    -5.20   0.000    -.2396636   -.1083544
        west |   .0042488   .0418305     0.10   0.919    -.0777834    .0862809
       _cons |   2.245522   .1985721    11.31   0.000      1.85611    2.634933
------------------------------------------------------------------------------

.  reg lropc00 black age00 msa ctrlcity north_central south00 west 
>        sch_10 diploma_hs ged_hs smcol bachelor_col master_col doctor_col 
>        if female==0 & hispanic==0;

      Source |       SS       df       MS              Number of obs =    2175
-------------+------------------------------           F( 14,  2160) =   73.76
       Model |   219.64814    14  15.6891528           Prob > F      =  0.0000
    Residual |  459.431646  2160  .212699836           R-squared     =  0.3234
-------------+------------------------------           Adj R-squared =  0.3191
       Total |  679.079786  2174  .312364207           Root MSE      =  .46119

------------------------------------------------------------------------------
     lropc00 |      Coef.   Std. Err.      t    P>|t|     [95% Conf. Interval]
-------------+----------------------------------------------------------------
       black |  -.1908148   .0232572    -8.20   0.000    -.2364236   -.1452061
       age00 |   .0111889   .0044247     2.53   0.012     .0025119     .019866
         msa |   .1771848   .0388554     4.56   0.000     .1009869    .2533828
    ctrlcity |   .0633753   .0423751     1.50   0.135     -.019725    .1464756
north_cent~l |  -.0667409   .0309307    -2.16   0.031     -.127398   -.0060838
     south00 |  -.1249467   .0296378    -4.22   0.000    -.1830682   -.0668251
        west |   .0062545    .037034     0.17   0.866    -.0663715    .0788805
      sch_10 |  -.0698085   .0572583    -1.22   0.223    -.1820956    .0424785
  diploma_hs |   .1111788   .0345209     3.22   0.001     .0434811    .1788765
      ged_hs |   .0445733   .0516677     0.86   0.388    -.0567503    .1458968
       smcol |   .3594796   .0367812     9.77   0.000     .2873494    .4316098
bachelor_col |   .6051041    .038824    15.59   0.000     .5289678    .6812404
  master_col |   .7839678   .0556788    14.08   0.000     .6747781    .8931574
  doctor_col |   .9891829   .0841328    11.76   0.000     .8241932    1.154173
       _cons |   2.079368   .1767336    11.77   0.000     1.732782    2.425953
------------------------------------------------------------------------------

.  reg lropc00 black age00 msa ctrlcity north_central south00 west 
>        sch_10 diploma_hs ged_hs smcol bachelor_col master_col doctor_col afqtp89  
>        if female==0 & hispanic==0;

      Source |       SS       df       MS              Number of obs =    2175
-------------+------------------------------           F( 15,  2159) =   79.21
       Model |  241.062665    15  16.0708443           Prob > F      =  0.0000
    Residual |  438.017121  2159   .20287963           R-squared     =  0.3550
-------------+------------------------------           Adj R-squared =  0.3505
       Total |  679.079786  2174  .312364207           Root MSE      =  .45042

------------------------------------------------------------------------------
     lropc00 |      Coef.   Std. Err.      t    P>|t|     [95% Conf. Interval]
-------------+----------------------------------------------------------------
       black |  -.0697503   .0255886    -2.73   0.006    -.1199312   -.0195693
       age00 |   .0013037   .0044271     0.29   0.768    -.0073782    .0099856
         msa |   .1714098    .037952     4.52   0.000     .0969835    .2458361
    ctrlcity |   .0614311   .0413858     1.48   0.138    -.0197291    .1425912
north_cent~l |  -.0591383   .0302173    -1.96   0.050    -.1183963    .0001198
     south00 |  -.0980788   .0290634    -3.37   0.001     -.155074   -.0410836
        west |   .0207917   .0361967     0.57   0.566    -.0501922    .0917756
      sch_10 |  -.0002199   .0563296    -0.00   0.997    -.1106857     .110246
  diploma_hs |   .0661948   .0339977     1.95   0.052    -.0004769    .1328665
      ged_hs |   .0109661   .0505668     0.22   0.828    -.0881985    .1101307
       smcol |   .2277418    .038142     5.97   0.000     .1529429    .3025407
bachelor_col |    .397345   .0429726     9.25   0.000      .313073    .4816169
  master_col |   .5416385   .0592734     9.14   0.000     .4253996    .6578775
  doctor_col |   .6931507   .0870734     7.96   0.000     .5223942    .8639071
     afqtp89 |   .5018411   .0488462    10.27   0.000     .4060505    .5976317
       _cons |   2.277666   .1736813    13.11   0.000     1.937066    2.618266
------------------------------------------------------------------------------

.  reg lropc00 black age00 msa ctrlcity north_central south00 west hispanic black 
>          sch_10 diploma_hs ged_hs smcol bachelor_col master_col doctor_col afqtp89 
>        wkswk_18 yrsmil78_00 if female==0 & hispanic==0 ;

      Source |       SS       df       MS              Number of obs =    2175
-------------+------------------------------           F( 17,  2157) =   84.87
       Model |  272.169195    17  16.0099527           Prob > F      =  0.0000
    Residual |  406.910591  2157  .188646542           R-squared     =  0.4008
-------------+------------------------------           Adj R-squared =  0.3961
       Total |  679.079786  2174  .312364207           Root MSE      =  .43433

------------------------------------------------------------------------------
     lropc00 |      Coef.   Std. Err.      t    P>|t|     [95% Conf. Interval]
-------------+----------------------------------------------------------------
       black |   -.021188     .02504    -0.85   0.398    -.0702931    .0279172
       age00 |  -.0364326   .0051841    -7.03   0.000    -.0465989   -.0262662
         msa |   .1668962    .036608     4.56   0.000     .0951056    .2386868
    ctrlcity |   .0876539   .0399613     2.19   0.028     .0092872    .1660207
north_cent~l |  -.0479228   .0291512    -1.64   0.100    -.1050902    .0092446
     south00 |  -.1014778   .0280524    -3.62   0.000    -.1564903   -.0464653
        west |   .0397171   .0349578     1.14   0.256    -.0288374    .1082716
    hispanic |  (dropped)
       black |  (dropped)
      sch_10 |  -.0108182    .054324    -0.20   0.842    -.1173511    .0957147
  diploma_hs |   .0050684   .0332792     0.15   0.879    -.0601943    .0703311
      ged_hs |   .0554742   .0488838     1.13   0.257    -.0403901    .1513386
       smcol |   .1901462    .036952     5.15   0.000     .1176809    .2626115
bachelor_col |    .384986   .0414549     9.29   0.000     .3036902    .4662818
  master_col |   .5580731   .0572055     9.76   0.000     .4458895    .6702567
  doctor_col |   .8025195   .0843973     9.51   0.000     .6370109    .9680281
     afqtp89 |   .4256115   .0477665     8.91   0.000     .3319383    .5192847
    wkswk_18 |   .0431638   .0033924    12.72   0.000      .036511    .0498165
 yrsmil78_00 |   .0301211   .0052119     5.78   0.000     .0199003     .040342
       _cons |   3.002921   .1767457    16.99   0.000     2.656312    3.349531
------------------------------------------------------------------------------

.  *******;
. reg lropc00 black  [weight=wgt00] if female==0 & hispanic==0;
(analytic weights assumed)
(sum of wgt is   1.1181e+09)

      Source |       SS       df       MS              Number of obs =    2175
-------------+------------------------------           F(  1,  2173) =   97.21
       Model |  29.1584976     1  29.1584976           Prob > F      =  0.0000
    Residual |  651.782909  2173  .299946115           R-squared     =  0.0428
-------------+------------------------------           Adj R-squared =  0.0424
       Total |  680.941406  2174  .313220518           Root MSE      =  .54767

------------------------------------------------------------------------------
     lropc00 |      Coef.   Std. Err.      t    P>|t|     [95% Conf. Interval]
-------------+----------------------------------------------------------------
       black |  -.3383018   .0343118    -9.86   0.000    -.4055892   -.2710145
       _cons |   2.912037   .0126302   230.56   0.000     2.887269    2.936805
------------------------------------------------------------------------------

.  reg lropc00 black age00 msa ctrlcity north_central south00 west        
>        if female==0 & hispanic==0;

      Source |       SS       df       MS              Number of obs =    2175
-------------+------------------------------           F(  7,  2167) =   43.49
       Model |  83.6555525     7  11.9507932           Prob > F      =  0.0000
    Residual |  595.424234  2167  .274768913           R-squared     =  0.1232
-------------+------------------------------           Adj R-squared =  0.1204
       Total |  679.079786  2174  .312364207           Root MSE      =  .52418

------------------------------------------------------------------------------
     lropc00 |      Coef.   Std. Err.      t    P>|t|     [95% Conf. Interval]
-------------+----------------------------------------------------------------
       black |  -.2795455   .0259473   -10.77   0.000    -.3304297   -.2286613
       age00 |   .0135888   .0050226     2.71   0.007     .0037391    .0234385
         msa |   .2610563   .0439696     5.94   0.000     .1748293    .3472834
    ctrlcity |   .1506982   .0479439     3.14   0.002     .0566774    .2447189
north_cent~l |  -.1045737   .0350545    -2.98   0.003    -.1733177   -.0358297
     south00 |   -.174009   .0334792    -5.20   0.000    -.2396636   -.1083544
        west |   .0042488   .0418305     0.10   0.919    -.0777834    .0862809
       _cons |   2.245522   .1985721    11.31   0.000      1.85611    2.634933
------------------------------------------------------------------------------

.  reg lropc00 black age00 msa ctrlcity north_central south00 west 
>        sch_10 diploma_hs ged_hs smcol bachelor_col master_col doctor_col 
>         [weight=wgt00] if female==0 & hispanic==0;
(analytic weights assumed)
(sum of wgt is   1.1181e+09)

      Source |       SS       df       MS              Number of obs =    2175
-------------+------------------------------           F( 14,  2160) =   65.00
       Model |  201.832513    14   14.416608           Prob > F      =  0.0000
    Residual |  479.108894  2160  .221809673           R-squared     =  0.2964
-------------+------------------------------           Adj R-squared =  0.2918
       Total |  680.941406  2174  .313220518           Root MSE      =  .47097

------------------------------------------------------------------------------
     lropc00 |      Coef.   Std. Err.      t    P>|t|     [95% Conf. Interval]
-------------+----------------------------------------------------------------
       black |  -.2015553     .03141    -6.42   0.000    -.2631522   -.1399584
       age00 |   .0108185   .0043694     2.48   0.013     .0022498    .0193871
         msa |   .1768481   .0390995     4.52   0.000     .1001716    .2535247
    ctrlcity |   .0811764    .043885     1.85   0.064    -.0048849    .1672377
north_cent~l |  -.0888609   .0302814    -2.93   0.003    -.1482447   -.0294771
     south00 |  -.1295593    .030227    -4.29   0.000    -.1888364   -.0702823
        west |  -.0219847   .0357316    -0.62   0.538    -.0920566    .0480871
      sch_10 |  -.0915045   .0616298    -1.48   0.138    -.2123644    .0293554
  diploma_hs |   .1120422   .0377549     2.97   0.003     .0380023     .186082
      ged_hs |   .0225088   .0580528     0.39   0.698    -.0913364    .1363541
       smcol |   .3651595   .0398408     9.17   0.000     .2870291    .4432898
bachelor_col |   .6122517   .0407313    15.03   0.000      .532375    .6921284
  master_col |   .7568269    .055168    13.72   0.000      .648639    .8650149
  doctor_col |   .9553866   .0777845    12.28   0.000     .8028463    1.107927
       _cons |   2.112089   .1749777    12.07   0.000     1.768947    2.455231
------------------------------------------------------------------------------

.  reg lropc00 black age00 msa ctrlcity north_central south00 west 
>        sch_10 diploma_hs ged_hs smcol bachelor_col master_col doctor_col afqtp89  
>         [weight=wgt00] if female==0 & hispanic==0;
(analytic weights assumed)
(sum of wgt is   1.1181e+09)

      Source |       SS       df       MS              Number of obs =    2175
-------------+------------------------------           F( 15,  2159) =   70.13
       Model |  223.084514    15   14.872301           Prob > F      =  0.0000
    Residual |  457.856892  2159  .212068963           R-squared     =  0.3276
-------------+------------------------------           Adj R-squared =  0.3229
       Total |  680.941406  2174  .313220518           Root MSE      =  .46051

------------------------------------------------------------------------------
     lropc00 |      Coef.   Std. Err.      t    P>|t|     [95% Conf. Interval]
-------------+----------------------------------------------------------------
       black |  -.0804251   .0330102    -2.44   0.015    -.1451603     -.01569
       age00 |   .0004537    .004396     0.10   0.918    -.0081672    .0090746
         msa |   .1780024   .0382315     4.66   0.000      .103028    .2529768
    ctrlcity |    .083186   .0429111     1.94   0.053    -.0009654    .1673374
north_cent~l |  -.0817797   .0296175    -2.76   0.006    -.1398615   -.0236979
     south00 |  -.1083635   .0296316    -3.66   0.000    -.1664729   -.0502541
        west |  -.0090362   .0349621    -0.26   0.796    -.0775992    .0595268
      sch_10 |  -.0092763   .0608186    -0.15   0.879    -.1285454    .1099929
  diploma_hs |   .0609086   .0372683     1.63   0.102    -.0121769    .1339942
      ged_hs |  -.0141812    .056882    -0.25   0.803    -.1257305    .0973681
       smcol |    .225991   .0413624     5.46   0.000     .1448766    .3071054
bachelor_col |   .4014977    .045049     8.91   0.000     .3131537    .4898417
  master_col |    .510048    .059309     8.60   0.000     .3937392    .6263568
  doctor_col |   .6643183   .0814256     8.16   0.000     .5046375    .8239992
     afqtp89 |   .4909252   .0490404    10.01   0.000     .3947539    .5870966
       _cons |    2.33477   .1725325    13.53   0.000     1.996423    2.673118
------------------------------------------------------------------------------

.  reg lropc00 black age00 msa ctrlcity north_central south00 west hispanic black 
>          sch_10 diploma_hs ged_hs smcol bachelor_col master_col doctor_col afqtp89 
>         wkswk_18 yrsmil78_00 
>          [weight=wgt00] if female==0 & hispanic==0 ;
(analytic weights assumed)
(sum of wgt is   1.1181e+09)

      Source |       SS       df       MS              Number of obs =    2175
-------------+------------------------------           F( 17,  2157) =   73.52
       Model |  249.814094    17  14.6949467           Prob > F      =  0.0000
    Residual |  431.127313  2157   .19987358           R-squared     =  0.3669
-------------+------------------------------           Adj R-squared =  0.3619
       Total |  680.941406  2174  .313220518           Root MSE      =  .44707

------------------------------------------------------------------------------
     lropc00 |      Coef.   Std. Err.      t    P>|t|     [95% Conf. Interval]
-------------+----------------------------------------------------------------
       black |  -.0308111   .0323882    -0.95   0.342    -.0943265    .0327043
       age00 |  -.0375135   .0053882    -6.96   0.000    -.0480801   -.0269469
         msa |   .1639627   .0371362     4.42   0.000     .0911361    .2367892
    ctrlcity |   .0956171    .041673     2.29   0.022     .0138936    .1773405
north_cent~l |  -.0683972   .0287774    -2.38   0.018    -.1248315   -.0119629
     south00 |  -.1061803   .0287955    -3.69   0.000    -.1626502   -.0497105
        west |   .0155068   .0340156     0.46   0.649    -.0511999    .0822135
    hispanic |  (dropped)
       black |  (dropped)
      sch_10 |  -.0105345   .0590455    -0.18   0.858    -.1263265    .1052575
  diploma_hs |    .001629   .0366635     0.04   0.965    -.0702706    .0735285
      ged_hs |    .039867   .0554199     0.72   0.472    -.0688149    .1485489
       smcol |   .1986873    .040255     4.94   0.000     .1197447      .27763
bachelor_col |   .4027314    .043746     9.21   0.000     .3169426    .4885201
  master_col |   .5363775   .0576724     9.30   0.000     .4232781    .6494768
  doctor_col |   .7819865   .0797062     9.81   0.000     .6256774    .9382956
     afqtp89 |   .4148313   .0483252     8.58   0.000     .3200624    .5096001
    wkswk_18 |   .0435927   .0038118    11.44   0.000     .0361174     .051068
 yrsmil78_00 |   .0309664   .0057802     5.36   0.000      .019631    .0423018
       _cons |   3.060094    .178857    17.11   0.000     2.709344    3.410844
------------------------------------------------------------------------------

.  *******;
. *Table 6, column 1;
. *******;
. reg lropc00 black         
>        if female==1 & hispanic==0;

      Source |       SS       df       MS              Number of obs =    2212
-------------+------------------------------           F(  1,  2210) =   71.10
       Model |  18.7399323     1  18.7399323           Prob > F      =  0.0000
    Residual |  582.455661  2210  .263554598           R-squared     =  0.0312
-------------+------------------------------           Adj R-squared =  0.0307
       Total |  601.195593  2211  .271911168           Root MSE      =  .51338

------------------------------------------------------------------------------
     lropc00 |      Coef.   Std. Err.      t    P>|t|     [95% Conf. Interval]
-------------+----------------------------------------------------------------
       black |  -.1890592   .0224207    -8.43   0.000     -.233027   -.1450913
       _cons |   2.605556   .0139311   187.03   0.000     2.578237    2.632876
------------------------------------------------------------------------------

.  reg lropc00 black age00 msa ctrlcity north_central south00 west        
>        if female==1 & hispanic==0;

      Source |       SS       df       MS              Number of obs =    2212
-------------+------------------------------           F(  7,  2204) =   21.80
       Model |  38.9220077     7  5.56028681           Prob > F      =  0.0000
    Residual |  562.273586  2204  .255115057           R-squared     =  0.0647
-------------+------------------------------           Adj R-squared =  0.0618
       Total |  601.195593  2211  .271911168           Root MSE      =  .50509

------------------------------------------------------------------------------
     lropc00 |      Coef.   Std. Err.      t    P>|t|     [95% Conf. Interval]
-------------+----------------------------------------------------------------
       black |  -.1585072   .0243352    -6.51   0.000    -.2062295   -.1107848
       age00 |  -.0051878   .0048595    -1.07   0.286    -.0147176    .0043419
         msa |   .2111572   .0437428     4.83   0.000     .1253758    .2969387
    ctrlcity |   .1819156   .0469694     3.87   0.000     .0898067    .2740245
north_cent~l |  -.1737991   .0340752    -5.10   0.000     -.240622   -.1069762
     south00 |  -.1763342   .0320089    -5.51   0.000     -.239105   -.1135634
        west |   -.011975   .0404972    -0.30   0.767    -.0913915    .0674416
       _cons |   2.732219   .1934593    14.12   0.000     2.352837      3.1116
------------------------------------------------------------------------------

.  reg lropc00 black age00 msa ctrlcity north_central south00 west 
>        sch_10 diploma_hs ged_hs smcol bachelor_col master_col doctor_col 
>        if female==1 & hispanic==0;

      Source |       SS       df       MS              Number of obs =    2212
-------------+------------------------------           F( 14,  2197) =   56.38
       Model |  158.910942    14  11.3507816           Prob > F      =  0.0000
    Residual |  442.284651  2197  .201312996           R-squared     =  0.2643
-------------+------------------------------           Adj R-squared =  0.2596
       Total |  601.195593  2211  .271911168           Root MSE      =  .44868

------------------------------------------------------------------------------
     lropc00 |      Coef.   Std. Err.      t    P>|t|     [95% Conf. Interval]
-------------+----------------------------------------------------------------
       black |  -.0980222   .0219689    -4.46   0.000    -.1411041   -.0549403
       age00 |   -.005253   .0043245    -1.21   0.225    -.0137335    .0032275
         msa |   .1595873   .0389816     4.09   0.000     .0831427     .236032
    ctrlcity |   .1286434   .0418953     3.07   0.002     .0464847     .210802
north_cent~l |  -.1217219   .0304121    -4.00   0.000    -.1813614   -.0620824
     south00 |  -.1454233   .0284993    -5.10   0.000    -.2013117   -.0895349
        west |  -.0006297   .0360217    -0.02   0.986    -.0712699    .0700105
      sch_10 |   -.190598   .0722014    -2.64   0.008    -.3321882   -.0490079
  diploma_hs |   .1421818   .0355523     4.00   0.000     .0724622    .2119015
      ged_hs |  -.0155392   .0556998    -0.28   0.780    -.1247691    .0936906
       smcol |   .3197412   .0357379     8.95   0.000     .2496576    .3898248
bachelor_col |   .5936044   .0391259    15.17   0.000     .5168768    .6703321
  master_col |   .7509334   .0518361    14.49   0.000     .6492805    .8525863
  doctor_col |   1.144916   .1243642     9.21   0.000     .9010322      1.3888
       _cons |   2.446909   .1736051    14.09   0.000     2.106461    2.787356
------------------------------------------------------------------------------

.  reg lropc00 black age00 msa ctrlcity north_central south00 west 
>        sch_10 diploma_hs ged_hs smcol bachelor_col master_col doctor_col afqtp89  
>        if female==1 & hispanic==0;

      Source |       SS       df       MS              Number of obs =    2212
-------------+------------------------------           F( 15,  2196) =   62.84
       Model |  180.544378    15  12.0362919           Prob > F      =  0.0000
    Residual |  420.651215  2196  .191553377           R-squared     =  0.3003
-------------+------------------------------           Adj R-squared =  0.2955
       Total |  601.195593  2211  .271911168           Root MSE      =  .43767

------------------------------------------------------------------------------
     lropc00 |      Coef.   Std. Err.      t    P>|t|     [95% Conf. Interval]
-------------+----------------------------------------------------------------
       black |   .0313755   .0246473     1.27   0.203     -.016959      .07971
       age00 |   -.012188   .0042685    -2.86   0.004    -.0205588   -.0038172
         msa |   .1510556   .0380334     3.97   0.000     .0764704    .2256408
    ctrlcity |   .1182085    .040879     2.89   0.004     .0380431     .198374
north_cent~l |  -.1074632   .0296961    -3.62   0.000    -.1656986   -.0492278
     south00 |  -.1141718    .027955    -4.08   0.000    -.1689928   -.0593507
        west |   .0092681   .0351501     0.26   0.792    -.0596628     .078199
      sch_10 |  -.1610805   .0704843    -2.29   0.022    -.2993033   -.0228577
  diploma_hs |   .0906154   .0350176     2.59   0.010     .0219443    .1592866
      ged_hs |  -.0516762   .0544392    -0.95   0.343     -.158434    .0550815
       smcol |   .1975346   .0367085     5.38   0.000     .1255476    .2695217
bachelor_col |   .3850997   .0429135     8.97   0.000     .3009445    .4692549
  master_col |    .521315    .054987     9.48   0.000     .4134831    .6291469
  doctor_col |     .85535   .1243346     6.88   0.000     .6115243    1.099176
     afqtp89 |   .5298976   .0498625    10.63   0.000      .432115    .6276802
       _cons |   2.535233   .1695484    14.95   0.000     2.202741    2.867725
------------------------------------------------------------------------------

.  reg lropc00 black age00 msa ctrlcity north_central south00 west hispanic black 
>          sch_10 diploma_hs ged_hs smcol bachelor_col master_col doctor_col afqtp89 
>        age1stb30 
>        if female==1 & hispanic==0;

      Source |       SS       df       MS              Number of obs =    2212
-------------+------------------------------           F( 16,  2195) =   60.68
       Model |  184.374042    16  11.5233776           Prob > F      =  0.0000
    Residual |  416.821552  2195  .189895923           R-squared     =  0.3067
-------------+------------------------------           Adj R-squared =  0.3016
       Total |  601.195593  2211  .271911168           Root MSE      =  .43577

------------------------------------------------------------------------------
     lropc00 |      Coef.   Std. Err.      t    P>|t|     [95% Conf. Interval]
-------------+----------------------------------------------------------------
       black |   .0359962    .024562     1.47   0.143     -.012171    .0841635
       age00 |  -.0130242   .0042541    -3.06   0.002    -.0213667   -.0046818
         msa |   .1471113   .0378787     3.88   0.000     .0728295    .2213932
    ctrlcity |   .1152202   .0407072     2.83   0.005     .0353916    .1950488
north_cent~l |  -.0973136   .0296536    -3.28   0.001    -.1554656   -.0391615
     south00 |  -.1072194   .0278768    -3.85   0.000    -.1618872   -.0525517
        west |   .0191363   .0350666     0.55   0.585    -.0496309    .0879035
    hispanic |  (dropped)
       black |  (dropped)
      sch_10 |  -.1600374    .070179    -2.28   0.023    -.2976617   -.0224131
  diploma_hs |   .0857012    .034883     2.46   0.014     .0172941    .1541083
      ged_hs |  -.0473795   .0542116    -0.87   0.382     -.153691    .0589319
       smcol |   .1882894   .0366073     5.14   0.000     .1165008     .260078
bachelor_col |   .3637061   .0429921     8.46   0.000     .2793965    .4480156
  master_col |    .494955   .0550623     8.99   0.000     .3869753    .6029348
  doctor_col |   .8177311   .1240786     6.59   0.000     .5744073    1.061055
     afqtp89 |   .5238296   .0496647    10.55   0.000     .4264349    .6212243
   age1stb30 |   .1332401   .0296696     4.49   0.000     .0750565    .1914236
       _cons |   2.558212   .1688909    15.15   0.000      2.22701    2.889415
------------------------------------------------------------------------------

.  reg lropc00 black age00 msa ctrlcity north_central south00 west  
>          sch_10 diploma_hs ged_hs smcol bachelor_col master_col doctor_col afqtp89 
>        age1stb30 wkswk_18 yrsmil78_00 famrspb pcntpt_22
>        if female==1 & hispanic==0;

      Source |       SS       df       MS              Number of obs =    2212
-------------+------------------------------           F( 20,  2191) =   68.82
       Model |  231.949071    20  11.5974535           Prob > F      =  0.0000
    Residual |  369.246523  2191  .168528764           R-squared     =  0.3858
-------------+------------------------------           Adj R-squared =  0.3802
       Total |  601.195593  2211  .271911168           Root MSE      =  .41052

------------------------------------------------------------------------------
     lropc00 |      Coef.   Std. Err.      t    P>|t|     [95% Conf. Interval]
-------------+----------------------------------------------------------------
       black |   .0555534   .0234993     2.36   0.018     .0094701    .1016366
       age00 |  -.0307424   .0043971    -6.99   0.000    -.0393653   -.0221195
         msa |   .1095886   .0357951     3.06   0.002     .0393926    .1797845
    ctrlcity |   .0715916   .0384793     1.86   0.063    -.0038682    .1470514
north_cent~l |  -.0781915   .0279779    -2.79   0.005    -.1330574   -.0233256
     south00 |  -.1372736   .0265272    -5.17   0.000    -.1892947   -.0852525
        west |   .0455617   .0331211     1.38   0.169    -.0193904    .1105137
      sch_10 |  -.0833962   .0662894    -1.26   0.209    -.2133928    .0466005
  diploma_hs |  -.0056206   .0334161    -0.17   0.866    -.0711511    .0599099
      ged_hs |   -.036426    .051084    -0.71   0.476     -.136604    .0637521
       smcol |    .083815   .0351488     2.38   0.017     .0148864    .1527435
bachelor_col |   .2553525    .041166     6.20   0.000      .174624    .3360809
  master_col |   .3744036   .0525212     7.13   0.000     .2714071    .4774002
  doctor_col |   .7136792   .1173241     6.08   0.000     .4836012    .9437573
     afqtp89 |   .4138532   .0473457     8.74   0.000      .321006    .5067004
   age1stb30 |   .0844658   .0281048     3.01   0.003     .0293511    .1395806
    wkswk_18 |   .0293099   .0025093    11.68   0.000      .024389    .0342309
 yrsmil78_00 |   .0446997   .0149978     2.98   0.003     .0152882    .0741112
     famrspb |  -.0725055    .021856    -3.32   0.001    -.1153662   -.0296449
   pcntpt_22 |  -.2253107   .0526823    -4.28   0.000    -.3286231   -.1219982
       _cons |   3.019152   .1625476    18.57   0.000     2.700388    3.337915
------------------------------------------------------------------------------

.   * Question b);
. sum sch_10  sch10_12 diploma_hs ged_hs smcol bachelor_col master_col doctor_col afqtp89 
>        if female==0 & hispanic==0 & black==0;

    Variable |       Obs        Mean    Std. Dev.       Min        Max
-------------+--------------------------------------------------------
      sch_10 |      1416    .0430791    .2031069          0          1
    sch10_12 |      1416    .0833333     .276483          0          1
  diploma_hs |      1416    .3283898    .4697934          0          1
      ged_hs |      1416    .0409605    .1982686          0          1
       smcol |      1416    .2161017    .4117299          0          1
-------------+--------------------------------------------------------
bachelor_col |      1416    .2069209    .4052414          0          1
  master_col |      1416     .059322    .2363099          0          1
  doctor_col |      1416    .0225989    .1486734          0          1
     afqtp89 |      1416    .5538347    .2835077        .01        .99

. sum sch_10   sch10_12 diploma_hs ged_hs smcol bachelor_col master_col doctor_col afqtp89 
>        if female==0 & black==1;

    Variable |       Obs        Mean    Std. Dev.       Min        Max
-------------+--------------------------------------------------------
      sch_10 |       759    .0408432    .1980574          0          1
    sch10_12 |       759    .1515152    .3587867          0          1
  diploma_hs |       759    .3583663    .4798367          0          1
      ged_hs |       759    .0790514    .2699969          0          1
       smcol |       759    .2384717      .42643          0          1
-------------+--------------------------------------------------------
bachelor_col |       759    .1093544    .3122892          0          1
  master_col |       759    .0210804     .143747          0          1
  doctor_col |       759    .0039526    .0627865          0          1
     afqtp89 |       759    .2410935    .2294498        .01        .99

. sum sch_10  sch10_12 diploma_hs ged_hs smcol bachelor_col master_col doctor_col afqtp89 
>        if female==0 & hispanic==1;

    Variable |       Obs        Mean    Std. Dev.       Min        Max
-------------+--------------------------------------------------------
      sch_10 |       519    .0924855    .2899897          0          1
    sch10_12 |       519    .1984586    .3992241          0          1
  diploma_hs |       519    .2736031    .4462377          0          1
      ged_hs |       519     .061657    .2407636          0          1
       smcol |       519    .2639692     .441208          0          1
-------------+--------------------------------------------------------
bachelor_col |       519    .0789981     .269996          0          1
  master_col |       519    .0192678    .1375974          0          1
  doctor_col |       519    .0115607    .1070005          0          1
     afqtp89 |       519     .335973    .2679699        .01        .99

. reg lropc00 age00 msa ctrlcity north_central south00 west 
>        sch_10 diploma_hs ged_hs smcol bachelor_col master_col doctor_col afqtp89  
>        if female==0 & white==1;

      Source |       SS       df       MS              Number of obs =    1416
-------------+------------------------------           F( 14,  1401) =   43.59
       Model |   130.22051    14  9.30146502           Prob > F      =  0.0000
    Residual |  298.973216  1401  .213399868           R-squared     =  0.3034
-------------+------------------------------           Adj R-squared =  0.2964
       Total |  429.193726  1415  .303317121           Root MSE      =  .46195

------------------------------------------------------------------------------
     lropc00 |      Coef.   Std. Err.      t    P>|t|     [95% Conf. Interval]
-------------+----------------------------------------------------------------
       age00 |   -.000194   .0056411    -0.03   0.973    -.0112599     .010872
         msa |   .1642913   .0463613     3.54   0.000     .0733462    .2552365
    ctrlcity |   .0688466   .0538718     1.28   0.201    -.0368315    .1745247
north_cent~l |  -.0903232   .0364207    -2.48   0.013    -.1617681   -.0188782
     south00 |  -.1051283   .0377167    -2.79   0.005    -.1791156    -.031141
        west |  -.0296822   .0433237    -0.69   0.493    -.1146685    .0553041
      sch_10 |  -.0506051    .074682    -0.68   0.498    -.1971057    .0958956
  diploma_hs |   .0642982   .0483032     1.33   0.183    -.0304563    .1590527
      ged_hs |  -.0178227   .0740357    -0.24   0.810    -.1630554    .1274101
       smcol |   .2363953   .0534717     4.42   0.000     .1315021    .3412886
bachelor_col |   .4189922    .057355     7.31   0.000     .3064814    .5315031
  master_col |   .5243431   .0734426     7.14   0.000     .3802737    .6684125
  doctor_col |   .6448821   .0992779     6.50   0.000     .4501328    .8396314
     afqtp89 |   .4587795   .0601234     7.63   0.000     .3408378    .5767211
       _cons |   2.384155   .2184625    10.91   0.000     1.955606    2.812703
------------------------------------------------------------------------------

.  reg lropc00 age00 msa ctrlcity north_central south00 west 
>        sch_10 diploma_hs ged_hs smcol bachelor_col master_col doctor_col afqtp89  
>        if female==0 & black==1;

      Source |       SS       df       MS              Number of obs =     759
-------------+------------------------------           F( 14,   744) =   22.83
       Model |  58.0634168    14  4.14738691           Prob > F      =  0.0000
    Residual |  135.138249   744  .181637432           R-squared     =  0.3005
-------------+------------------------------           Adj R-squared =  0.2874
       Total |  193.201666   758  .254883465           Root MSE      =  .42619

------------------------------------------------------------------------------
     lropc00 |      Coef.   Std. Err.      t    P>|t|     [95% Conf. Interval]
-------------+----------------------------------------------------------------
       age00 |   .0053949   .0071786     0.75   0.453    -.0086979    .0194876
         msa |   .1762997   .0667649     2.64   0.008     .0452298    .3073697
    ctrlcity |   .0647704    .067739     0.96   0.339    -.0682119    .1977526
north_cent~l |   .0239198   .0561265     0.43   0.670    -.0862654     .134105
     south00 |  -.0512916   .0474724    -1.08   0.280    -.1444874    .0419042
        west |   .1768086    .071973     2.46   0.014     .0355143    .3181029
      sch_10 |   .0688071   .0865293     0.80   0.427    -.1010637    .2386778
  diploma_hs |   .0718817   .0474544     1.51   0.130    -.0212787    .1650421
      ged_hs |   .0417493   .0675975     0.62   0.537    -.0909553    .1744539
       smcol |   .2045176   .0544328     3.76   0.000     .0976574    .3113777
bachelor_col |   .3353585   .0686773     4.88   0.000     .2005342    .4701828
  master_col |   .6338901   .1198962     5.29   0.000     .3985149    .8692652
  doctor_col |    1.30239   .2569039     5.07   0.000     .7980473    1.806733
     afqtp89 |   .5755284   .0861854     6.68   0.000     .4063328     .744724
       _cons |   1.975465   .2875076     6.87   0.000     1.411042    2.539887
------------------------------------------------------------------------------

.  reg lropc00 age00 msa ctrlcity north_central south00 west 
>        sch_10 diploma_hs ged_hs smcol bachelor_col master_col doctor_col afqtp89  
>        if female==0 & hispanic==1;

      Source |       SS       df       MS              Number of obs =     519
-------------+------------------------------           F( 14,   504) =   14.13
       Model |  39.6149496    14  2.82963926           Prob > F      =  0.0000
    Residual |  100.908336   504  .200214952           R-squared     =  0.2819
-------------+------------------------------           Adj R-squared =  0.2620
       Total |  140.523285   518  .271280474           Root MSE      =  .44745

------------------------------------------------------------------------------
     lropc00 |      Coef.   Std. Err.      t    P>|t|     [95% Conf. Interval]
-------------+----------------------------------------------------------------
       age00 |  -.0024575   .0092019    -0.27   0.790    -.0205364    .0156213
         msa |   .2665994   .1030741     2.59   0.010     .0640916    .4691073
    ctrlcity |   .1718581   .1042083     1.65   0.100     -.032878    .3765941
north_cent~l |   .0280285   .0900763     0.31   0.756    -.1489428    .2049997
     south00 |  -.2440845   .0624259    -3.91   0.000    -.3667316   -.1214375
        west |  -.0310257   .0592881    -0.52   0.601     -.147508    .0854567
      sch_10 |  -.0641918   .0795454    -0.81   0.420    -.2204732    .0920895
  diploma_hs |  -.0072091   .0590143    -0.12   0.903    -.1231535    .1087352
      ged_hs |  -.0796828   .0912736    -0.87   0.383    -.2590064    .0996407
       smcol |   .0849405    .064333     1.32   0.187    -.0414533    .2113343
bachelor_col |    .354896   .0941618     3.77   0.000     .1698981    .5398939
  master_col |   .4653947   .1580455     2.94   0.003     .1548856    .7759038
  doctor_col |   .5931383    .201126     2.95   0.003     .1979898    .9882869
     afqtp89 |   .5855746   .0969725     6.04   0.000     .3950544    .7760948
       _cons |   2.414884    .368598     6.55   0.000     1.690706    3.139062
------------------------------------------------------------------------------

.  reg lropc00 age00 msa ctrlcity north_central south00 west 
>        sch_10 diploma_hs ged_hs smcol bachelor_col master_col doctor_col afqtp89  
>        if female==0 & hispanic==0 ;

      Source |       SS       df       MS              Number of obs =    2175
-------------+------------------------------           F( 14,  2160) =   84.09
       Model |   239.55524    14  17.1110886           Prob > F      =  0.0000
    Residual |  439.524546  2160  .203483586           R-squared     =  0.3528
-------------+------------------------------           Adj R-squared =  0.3486
       Total |  679.079786  2174  .312364207           Root MSE      =  .45109

------------------------------------------------------------------------------
     lropc00 |      Coef.   Std. Err.      t    P>|t|     [95% Conf. Interval]
-------------+----------------------------------------------------------------
       age00 |   .0000399   .0044093     0.01   0.993    -.0086071    .0086869
         msa |   .1679237   .0379869     4.42   0.000      .093429    .2424184
    ctrlcity |    .042096    .040834     1.03   0.303    -.0379821    .1221741
north_cent~l |  -.0529024   .0301754    -1.75   0.080    -.1120782    .0062735
     south00 |   -.105829    .028967    -3.65   0.000    -.1626351   -.0490229
        west |   .0300403   .0360909     0.83   0.405    -.0407362    .1008168
      sch_10 |   .0195445    .055944     0.35   0.727    -.0901652    .1292543
  diploma_hs |   .0664871   .0340481     1.95   0.051    -.0002834    .1332576
      ged_hs |   .0080665   .0506308     0.16   0.873    -.0912237    .1073566
       smcol |   .2169399    .037992     5.71   0.000     .1424352    .2914446
bachelor_col |   .3841428   .0427623     8.98   0.000     .3002833    .4680022
  master_col |   .5289033   .0591769     8.94   0.000     .4128537    .6449529
  doctor_col |   .6772976   .0870082     7.78   0.000     .5066691    .8479261
     afqtp89 |   .5631558   .0434232    12.97   0.000     .4780002    .6483114
       _cons |   2.286971   .1739061    13.15   0.000     1.945931    2.628012
------------------------------------------------------------------------------

.  reg lropc00 age00 msa ctrlcity north_central south00 west 
>        sch_10 diploma_hs ged_hs smcol bachelor_col master_col doctor_col afqtp89  
>        if female==0 & black==0 ;

      Source |       SS       df       MS              Number of obs =    1935
-------------+------------------------------           F( 14,  1920) =   61.64
       Model |  181.283698    14  12.9488356           Prob > F      =  0.0000
    Residual |  403.357633  1920  .210082101           R-squared     =  0.3101
-------------+------------------------------           Adj R-squared =  0.3050
       Total |  584.641332  1934  .302296449           Root MSE      =  .45835

------------------------------------------------------------------------------
     lropc00 |      Coef.   Std. Err.      t    P>|t|     [95% Conf. Interval]
-------------+----------------------------------------------------------------
       age00 |  -.0008061   .0047837    -0.17   0.866    -.0101878    .0085756
         msa |   .1707688    .041876     4.08   0.000     .0886416     .252896
    ctrlcity |   .0689802   .0456163     1.51   0.131    -.0204825     .158443
north_cent~l |  -.0837925   .0324571    -2.58   0.010    -.1474473   -.0201376
     south00 |  -.1392467   .0319682    -4.36   0.000    -.2019427   -.0765508
        west |  -.0226815   .0336008    -0.68   0.500    -.0885793    .0432164
      sch_10 |  -.0521693   .0546417    -0.95   0.340    -.1593327     .054994
  diploma_hs |   .0310757    .036832     0.84   0.399    -.0411592    .1033106
      ged_hs |  -.0457426   .0574028    -0.80   0.426    -.1583211    .0668359
       smcol |   .1757656   .0408442     4.30   0.000     .0956619    .2558692
bachelor_col |   .3762119   .0466091     8.07   0.000     .2848022    .4676216
  master_col |   .4843589   .0630354     7.68   0.000     .3607339    .6079839
  doctor_col |   .6042913   .0869878     6.95   0.000     .4336908    .7748919
     afqtp89 |   .5005779   .0494319    10.13   0.000      .403632    .5975239
       _cons |   2.419535   .1871994    12.92   0.000       2.0524    2.786671
------------------------------------------------------------------------------

.  *********;
. * Oaxaca decomposition;
. *********;
. *********;
. sum black if (white==1 | black==1) & female==0 ;

    Variable |       Obs        Mean    Std. Dev.       Min        Max
-------------+--------------------------------------------------------
       black |      2175    .3489655    .4767526          0          1

. sum white if (white==1 | black==1) & female==0 ;

    Variable |       Obs        Mean    Std. Dev.       Min        Max
-------------+--------------------------------------------------------
       white |      2175    .6510345    .4767526          0          1

. reg lropc00 age00 msa ctrlcity north_central south00 west 
>       sch_10 diploma_hs ged_hs smcol bachelor_col master_col doctor_col  afqtp89  
>        if female==0 & white==1;

      Source |       SS       df       MS              Number of obs =    1416
-------------+------------------------------           F( 14,  1401) =   43.59
       Model |   130.22051    14  9.30146502           Prob > F      =  0.0000
    Residual |  298.973216  1401  .213399868           R-squared     =  0.3034
-------------+------------------------------           Adj R-squared =  0.2964
       Total |  429.193726  1415  .303317121           Root MSE      =  .46195

------------------------------------------------------------------------------
     lropc00 |      Coef.   Std. Err.      t    P>|t|     [95% Conf. Interval]
-------------+----------------------------------------------------------------
       age00 |   -.000194   .0056411    -0.03   0.973    -.0112599     .010872
         msa |   .1642913   .0463613     3.54   0.000     .0733462    .2552365
    ctrlcity |   .0688466   .0538718     1.28   0.201    -.0368315    .1745247
north_cent~l |  -.0903232   .0364207    -2.48   0.013    -.1617681   -.0188782
     south00 |  -.1051283   .0377167    -2.79   0.005    -.1791156    -.031141
        west |  -.0296822   .0433237    -0.69   0.493    -.1146685    .0553041
      sch_10 |  -.0506051    .074682    -0.68   0.498    -.1971057    .0958956
  diploma_hs |   .0642982   .0483032     1.33   0.183    -.0304563    .1590527
      ged_hs |  -.0178227   .0740357    -0.24   0.810    -.1630554    .1274101
       smcol |   .2363953   .0534717     4.42   0.000     .1315021    .3412886
bachelor_col |   .4189922    .057355     7.31   0.000     .3064814    .5315031
  master_col |   .5243431   .0734426     7.14   0.000     .3802737    .6684125
  doctor_col |   .6448821   .0992779     6.50   0.000     .4501328    .8396314
     afqtp89 |   .4587795   .0601234     7.63   0.000     .3408378    .5767211
       _cons |   2.384155   .2184625    10.91   0.000     1.955606    2.812703
------------------------------------------------------------------------------

. estimates store white;

. reg lropc00 age00 msa ctrlcity north_central south00 west 
>       sch_10 diploma_hs ged_hs smcol bachelor_col master_col doctor_col  afqtp89  
>        if female==0 & black==1;

      Source |       SS       df       MS              Number of obs =     759
-------------+------------------------------           F( 14,   744) =   22.83
       Model |  58.0634168    14  4.14738691           Prob > F      =  0.0000
    Residual |  135.138249   744  .181637432           R-squared     =  0.3005
-------------+------------------------------           Adj R-squared =  0.2874
       Total |  193.201666   758  .254883465           Root MSE      =  .42619

------------------------------------------------------------------------------
     lropc00 |      Coef.   Std. Err.      t    P>|t|     [95% Conf. Interval]
-------------+----------------------------------------------------------------
       age00 |   .0053949   .0071786     0.75   0.453    -.0086979    .0194876
         msa |   .1762997   .0667649     2.64   0.008     .0452298    .3073697
    ctrlcity |   .0647704    .067739     0.96   0.339    -.0682119    .1977526
north_cent~l |   .0239198   .0561265     0.43   0.670    -.0862654     .134105
     south00 |  -.0512916   .0474724    -1.08   0.280    -.1444874    .0419042
        west |   .1768086    .071973     2.46   0.014     .0355143    .3181029
      sch_10 |   .0688071   .0865293     0.80   0.427    -.1010637    .2386778
  diploma_hs |   .0718817   .0474544     1.51   0.130    -.0212787    .1650421
      ged_hs |   .0417493   .0675975     0.62   0.537    -.0909553    .1744539
       smcol |   .2045176   .0544328     3.76   0.000     .0976574    .3113777
bachelor_col |   .3353585   .0686773     4.88   0.000     .2005342    .4701828
  master_col |   .6338901   .1198962     5.29   0.000     .3985149    .8692652
  doctor_col |    1.30239   .2569039     5.07   0.000     .7980473    1.806733
     afqtp89 |   .5755284   .0861854     6.68   0.000     .4063328     .744724
       _cons |   1.975465   .2875076     6.87   0.000     1.411042    2.539887
------------------------------------------------------------------------------

. estimates store black;

. oaxaca8 white black, weight(1 0 0.651) detail notf;
(high estimates: white; low estimates: black)

                                                 Mean prediction 1 =  2.897854
                                                 Mean prediction 2 =  2.559159
------------------------------------------------------------------------------
             |      Coef.   Std. Err.      z    P>|z|     [95% Conf. Interval]
-------------+----------------------------------------------------------------
  difference |   .3386951   .0237032    14.29   0.000     .2922376    .3851526
------------------------------------------------------------------------------

Linear decompositions
------------------------------------------------------------------------------
         W=1 |      Coef.   Std. Err.      z    P>|z|     [95% Conf. Interval]
-------------+----------------------------------------------------------------
explained    |
       age00 |  -4.17e-06   .0005771    -0.01   0.994    -.0011353     .001127
         msa |   .0407326   .0120667     3.38   0.001     .0170822    .0643829
    ctrlcity |  -.0182999   .0144325    -1.27   0.205    -.0465872    .0099873
north_cent~l |  -.0160407   .0067182    -2.39   0.017    -.0292081   -.0028733
     south00 |   .0316455   .0116058     2.73   0.006     .0088985    .0543925
        west |  -.0026732   .0039673    -0.67   0.500    -.0104489    .0051025
      sch_10 |  -.0001131    .000828    -0.14   0.891     -.001736    .0015097
  diploma_hs |  -.0019274   .0022509    -0.86   0.392    -.0063391    .0024843
      ged_hs |   .0006789   .0029446     0.23   0.818    -.0050925    .0064503
       smcol |  -.0052882   .0047473    -1.11   0.265    -.0145927    .0040164
bachelor_col |   .0408796   .0086623     4.72   0.000     .0239018    .0578574
  master_col |   .0200518   .0051551     3.89   0.000     .0099479    .0301556
  doctor_col |   .0120247   .0035048     3.43   0.001     .0051554    .0188939
     afqtp89 |   .1434792   .0195079     7.35   0.000     .1052444     .181714
       Total |   .2451455   .0235818    10.40   0.000      .198926    .2913649
-------------+----------------------------------------------------------------
unexplained  |
       age00 |  -.2143719    .350196    -0.61   0.540    -.9007434    .4719995
         msa |  -.0060121   .0407224    -0.15   0.883    -.0858265    .0738023
    ctrlcity |    .001783   .0378903     0.05   0.962    -.0724805    .0760465
north_cent~l |  -.0195673   .0116022    -1.69   0.092    -.0423071    .0031725
     south00 |  -.0331248   .0373331    -0.89   0.375    -.1062963    .0400466
        west |  -.0152352   .0065496    -2.33   0.020     -.028072   -.0023983
      sch_10 |  -.0048772   .0048173    -1.01   0.311    -.0143189    .0045645
  diploma_hs |  -.0027177   .0242952    -0.11   0.911    -.0503355    .0449001
      ged_hs |  -.0047092   .0080071    -0.59   0.556    -.0204029    .0109845
       smcol |   .0076019   .0182411     0.42   0.677    -.0281499    .0433538
bachelor_col |   .0091457   .0098827     0.93   0.355    -.0102241    .0285155
  master_col |  -.0023093   .0031064    -0.74   0.457    -.0083978    .0037792
  doctor_col |  -.0025988   .0019556    -1.33   0.184    -.0064318    .0012341
     afqtp89 |  -.0281474   .0253689    -1.11   0.267    -.0778696    .0215748
       _cons |   .4086899   .3610907     1.13   0.258    -.2990347    1.116415
       Total |   .0935496   .0284849     3.28   0.001     .0377203    .1493789
------------------------------------------------------------------------------
------------------------------------------------------------------------------
         W=0 |      Coef.   Std. Err.      z    P>|z|     [95% Conf. Interval]
-------------+----------------------------------------------------------------
explained    |
       age00 |   .0001159   .0009108     0.13   0.899    -.0016693    .0019011
         msa |   .0437098   .0170425     2.56   0.010      .010307    .0771125
    ctrlcity |  -.0172165   .0181089    -0.95   0.342    -.0527093    .0182764
north_cent~l |    .004248   .0100324     0.42   0.672    -.0154151     .023911
     south00 |   .0154397   .0143692     1.07   0.283    -.0127235    .0436028
        west |   .0159235   .0069878     2.28   0.023     .0022277    .0296192
      sch_10 |   .0001538   .0010125     0.15   0.879    -.0018306    .0021383
  diploma_hs |  -.0021548   .0023303    -0.92   0.355    -.0067221    .0024126
      ged_hs |  -.0015903   .0027224    -0.58   0.559     -.006926    .0037455
       smcol |  -.0045751   .0041924    -1.09   0.275    -.0127919    .0036418
bachelor_col |   .0327197   .0085758     3.82   0.000     .0159114    .0495281
  master_col |    .024241   .0069833     3.47   0.001      .010554     .037928
  doctor_col |   .0242848   .0077206     3.15   0.002     .0091526    .0394169
     afqtp89 |   .1799914   .0277348     6.49   0.000     .1256323    .2343506
       Total |   .3152911   .0295325    10.68   0.000     .2574085    .3731736
-------------+----------------------------------------------------------------
unexplained  |
       age00 |   -.214492   .3503916    -0.61   0.540     -.901247     .472263
         msa |  -.0089894   .0608548    -0.15   0.883    -.1282626    .1102839
    ctrlcity |   .0006995   .0148781     0.05   0.962     -.028461      .02986
north_cent~l |  -.0398559   .0234023    -1.70   0.089    -.0857237    .0060118
     south00 |   -.016919   .0190806    -0.89   0.375    -.0543164    .0204784
        west |  -.0338318   .0139374    -2.43   0.015    -.0611487    -.006515
      sch_10 |  -.0051442   .0050042    -1.03   0.304    -.0149521    .0046638
  diploma_hs |  -.0024903   .0222527    -0.11   0.911    -.0461048    .0411241
      ged_hs |  -.0024401   .0041521    -0.59   0.557    -.0105781    .0056979
       smcol |   .0068888    .016514     0.42   0.677     -.025478    .0392557
bachelor_col |   .0173056   .0185616     0.93   0.351    -.0190745    .0536857
  master_col |  -.0064985   .0084156    -0.77   0.440    -.0229928    .0099957
  doctor_col |  -.0148589   .0068317    -2.17   0.030    -.0282489    -.001469
     afqtp89 |  -.0646596   .0582115    -1.11   0.267     -.178752    .0494328
       _cons |   .4086899   .3610907     1.13   0.258    -.2990347    1.116415
       Total |    .023404   .0328278     0.71   0.476    -.0409373    .0877453
------------------------------------------------------------------------------
------------------------------------------------------------------------------
      W=,651 |      Coef.   Std. Err.      z    P>|z|     [95% Conf. Interval]
-------------+----------------------------------------------------------------
explained    |
       age00 |   .0000377   .0004873     0.08   0.938    -.0009173    .0009928
         msa |   .0417716   .0101576     4.11   0.000     .0218631    .0616801
    ctrlcity |  -.0179218   .0113614    -1.58   0.115    -.0401897    .0043461
north_cent~l |  -.0089599   .0055718    -1.61   0.108    -.0198806    .0019607
     south00 |   .0259897   .0091308     2.85   0.004     .0080937    .0438856
        west |    .003817   .0034888     1.09   0.274    -.0030209     .010655
      sch_10 |    -.00002   .0005362    -0.04   0.970     -.001071     .001031
  diploma_hs |  -.0020068   .0019424    -1.03   0.302    -.0058139    .0018003
      ged_hs |  -.0001131   .0021297    -0.05   0.958    -.0042872    .0040611
       smcol |  -.0050393   .0044255    -1.14   0.255    -.0137132    .0036346
bachelor_col |   .0380318   .0075078     5.07   0.000     .0233168    .0527468
  master_col |   .0215138   .0052221     4.12   0.000     .0112787    .0317489
  doctor_col |   .0163034   .0045173     3.61   0.000     .0074497    .0251571
     afqtp89 |    .156222   .0164349     9.51   0.000     .1240102    .1884338
       Total |   .2696263   .0203578    13.24   0.000     .2297258    .3095268
-------------+----------------------------------------------------------------
unexplained  |
       age00 |  -.2144138   .3502639    -0.61   0.540    -.9009184    .4720907
         msa |  -.0070512   .0477392    -0.15   0.883    -.1006184     .086516
    ctrlcity |   .0014049   .0298481     0.05   0.962    -.0570962     .059906
north_cent~l |   -.026648   .0156622    -1.70   0.089    -.0573454    .0040493
     south00 |   -.027469   .0309519    -0.89   0.375    -.0881337    .0331957
        west |  -.0217254    .008978    -2.42   0.016    -.0393219   -.0041289
      sch_10 |  -.0049704   .0048301    -1.03   0.303    -.0144373    .0044966
  diploma_hs |  -.0026383   .0235724    -0.11   0.911    -.0488393    .0435627
      ged_hs |  -.0039173   .0066377    -0.59   0.555     -.016927    .0090924
       smcol |   .0073531   .0176229     0.42   0.676    -.0271873    .0418934
bachelor_col |   .0119935   .0128715     0.93   0.351    -.0132342    .0372212
  master_col |  -.0037713   .0048938    -0.77   0.441     -.013363    .0058203
  doctor_col |  -.0068776   .0032225    -2.13   0.033    -.0131936   -.0005616
     afqtp89 |  -.0408902    .036817    -1.11   0.267    -.1130502    .0312698
       _cons |   .4086899   .3610907     1.13   0.258    -.2990347    1.116415
       Total |   .0690688   .0255412     2.70   0.007      .019009    .1191285
------------------------------------------------------------------------------

. *********;
. reg lropc00 age00 msa ctrlcity north_central south00 west 
>       sch_10 sch10_12 diploma_hs  ged_hs smcol master_col doctor_col   afqtp89  
>        if female==0 & white==1;

      Source |       SS       df       MS              Number of obs =    1416
-------------+------------------------------           F( 14,  1401) =   43.46
       Model |  129.964781    14  9.28319865           Prob > F      =  0.0000
    Residual |  299.228945  1401  .213582402           R-squared     =  0.3028
-------------+------------------------------           Adj R-squared =  0.2958
       Total |  429.193726  1415  .303317121           Root MSE      =  .46215

------------------------------------------------------------------------------
     lropc00 |      Coef.   Std. Err.      t    P>|t|     [95% Conf. Interval]
-------------+----------------------------------------------------------------
       age00 |  -.0003998   .0056422    -0.07   0.944    -.0114678    .0106683
         msa |   .1653533   .0463781     3.57   0.000     .0743753    .2563313
    ctrlcity |    .069601   .0538914     1.29   0.197    -.0361155    .1753175
north_cent~l |  -.0903435   .0364365    -2.48   0.013    -.1618195   -.0188675
     south00 |  -.1042598   .0377348    -2.76   0.006    -.1782826    -.030237
        west |  -.0297009   .0433423    -0.69   0.493    -.1147237    .0553218
      sch_10 |  -.4662218   .0764434    -6.10   0.000    -.6161776    -.316266
    sch10_12 |  -.4151027    .057496    -7.22   0.000    -.5278902   -.3023151
  diploma_hs |  -.3510453    .039698    -8.84   0.000    -.4289193   -.2731713
      ged_hs |  -.4268574   .0699002    -6.11   0.000    -.5639777   -.2897372
       smcol |  -.1803033   .0390728    -4.61   0.000    -.2569508   -.1036558
  master_col |   .1068456   .0575856     1.86   0.064    -.0061176    .2198088
  doctor_col |   .2270623   .0868261     2.62   0.009     .0567391    .3973856
     afqtp89 |    .461849   .0601021     7.68   0.000     .3439492    .5797487
       _cons |   2.805766   .2171129    12.92   0.000     2.379865    3.231668
------------------------------------------------------------------------------

. estimates store white2;

. reg lropc00 age00 msa ctrlcity north_central south00 west 
>       sch_10 sch10_12 diploma_hs  ged_hs smcol master_col doctor_col   afqtp89  
>        if female==0 & black==1;

      Source |       SS       df       MS              Number of obs =     759
-------------+------------------------------           F( 14,   744) =   22.70
       Model |    57.82721    14    4.130515           Prob > F      =  0.0000
    Residual |  135.374456   744  .181954914           R-squared     =  0.2993
-------------+------------------------------           Adj R-squared =  0.2861
       Total |  193.201666   758  .254883465           Root MSE      =  .42656

------------------------------------------------------------------------------
     lropc00 |      Coef.   Std. Err.      t    P>|t|     [95% Conf. Interval]
-------------+----------------------------------------------------------------
       age00 |   .0052805   .0071843     0.74   0.463    -.0088234    .0193843
         msa |   .1770494   .0668201     2.65   0.008     .0458711    .3082277
    ctrlcity |   .0645961   .0678008     0.95   0.341    -.0685075    .1976998
north_cent~l |   .0215926   .0561948     0.38   0.701    -.0887266    .1319119
     south00 |  -.0527461    .047545    -1.11   0.268    -.1460844    .0405922
        west |   .1742924   .0720493     2.42   0.016     .0328482    .3157366
      sch_10 |  -.2548658   .0966029    -2.64   0.009    -.4445125   -.0652191
    sch10_12 |  -.3237716   .0682495    -4.74   0.000    -.4577561   -.1897871
  diploma_hs |  -.2503065   .0593184    -4.22   0.000    -.3667578   -.1338551
      ged_hs |  -.2719642   .0763192    -3.56   0.000    -.4217908   -.1221376
       smcol |  -.1214159   .0579866    -2.09   0.037    -.2352529    -.007579
  master_col |   .3056547    .117187     2.61   0.009     .0755981    .5357113
  doctor_col |   .9714147   .2528533     3.84   0.000     .4750239    1.467806
     afqtp89 |   .5844203   .0859144     6.80   0.000     .4157568    .7530839
       _cons |   2.304052   .2875361     8.01   0.000     1.739574    2.868531
------------------------------------------------------------------------------

. estimates store black2;

. oaxaca8 white2 black2, weight(1 0 0.651) detail(north_central south00 west) notf;
(high estimates: white2; low estimates: black2)

                                                 Mean prediction 1 =  2.897854
                                                 Mean prediction 2 =  2.559159
------------------------------------------------------------------------------
             |      Coef.   Std. Err.      z    P>|z|     [95% Conf. Interval]
-------------+----------------------------------------------------------------
  difference |   .3386951   .0237036    14.29   0.000     .2922368    .3851533
------------------------------------------------------------------------------

Linear decompositions
------------------------------------------------------------------------------
         W=1 |      Coef.   Std. Err.      z    P>|z|     [95% Conf. Interval]
-------------+----------------------------------------------------------------
explained    |
       age00 |  -8.59e-06   .0005783    -0.01   0.988     -.001142    .0011248
         msa |   .0409958   .0120774     3.39   0.001     .0173245    .0646672
    ctrlcity |  -.0185005   .0144393    -1.28   0.200    -.0468009       .0098
north_cent~l |  -.0160443    .006721    -2.39   0.017    -.0292172   -.0028713
     south00 |    .031384   .0116075     2.70   0.007     .0086337    .0541344
        west |  -.0026749    .003969    -0.67   0.500     -.010454    .0051042
      sch_10 |  -.0010424   .0042506    -0.25   0.806    -.0093735    .0072886
    sch10_12 |   .0283025   .0073914     3.83   0.000     .0138155    .0427894
  diploma_hs |   .0105231   .0076636     1.37   0.170    -.0044972    .0255434
      ged_hs |   .0162594   .0055002     2.96   0.003     .0054791    .0270397
       smcol |   .0040334   .0036046     1.12   0.263    -.0030315    .0110983
  master_col |    .004086   .0024149     1.69   0.091    -.0006471     .008819
  doctor_col |   .0042339   .0019623     2.16   0.031     .0003879    .0080799
     afqtp89 |   .1444392   .0195106     7.40   0.000     .1061991    .1826793
       Total |   .2459866   .0235817    10.43   0.000     .1997674    .2922058
-------------+----------------------------------------------------------------
unexplained  |
       age00 |  -.2178766   .3503914    -0.62   0.534    -.9046312     .468878
         msa |  -.0058558   .0407499    -0.14   0.886     -.085724    .0740125
    ctrlcity |   .0021892   .0379168     0.06   0.954    -.0721264    .0765048
north_cent~l |  -.0191722   .0116092    -1.65   0.099    -.0419257    .0035814
     south00 |  -.0316955   .0373739    -0.85   0.396     -.104947    .0415561
        west |  -.0150509   .0065478    -2.30   0.022    -.0278844   -.0022174
      sch_10 |  -.0086325     .00533    -1.62   0.105     -.019079    .0018141
    sch10_12 |   -.013838   .0136231    -1.02   0.310    -.0405388    .0128627
  diploma_hs |  -.0361014   .0256692    -1.41   0.160     -.086412    .0142092
      ged_hs |  -.0122445   .0083824    -1.46   0.144    -.0286738    .0041847
       smcol |   -.014043   .0167344    -0.84   0.401    -.0468418    .0187559
  master_col |   -.004191   .0030193    -1.39   0.165    -.0101088    .0017268
  doctor_col |  -.0029421   .0020894    -1.41   0.159    -.0070372     .001153
     afqtp89 |  -.0295512   .0253144    -1.17   0.243    -.0791664    .0200641
       _cons |   .5017138   .3602985     1.39   0.164    -.2044584    1.207886
       Total |   .0927085    .028495     3.25   0.001     .0368593    .1485576
------------------------------------------------------------------------------
------------------------------------------------------------------------------
         W=0 |      Coef.   Std. Err.      z    P>|z|     [95% Conf. Interval]
-------------+----------------------------------------------------------------
explained    |
       age00 |   .0001134   .0009046     0.13   0.900    -.0016595    .0018864
         msa |   .0438956   .0170595     2.57   0.010     .0104596    .0773317
    ctrlcity |  -.0171701   .0181251    -0.95   0.343    -.0526947    .0183544
north_cent~l |   .0038347   .0100427     0.38   0.703    -.0158486     .023518
     south00 |   .0158775   .0143935     1.10   0.270    -.0123332    .0440883
        west |   .0156969   .0069825     2.25   0.025     .0020115    .0293823
      sch_10 |  -.0005698   .0024597    -0.23   0.817    -.0053908    .0042511
    sch10_12 |   .0220753   .0067922     3.25   0.001     .0087629    .0353877
  diploma_hs |   .0075033   .0057922     1.30   0.195    -.0038491    .0188557
      ged_hs |   .0103594   .0042813     2.42   0.016     .0019682    .0187506
       smcol |   .0027161   .0028614     0.95   0.343    -.0028921    .0083243
  master_col |   .0116887   .0052179     2.24   0.025     .0014619    .0219156
  doctor_col |   .0181133    .006572     2.76   0.006     .0052325    .0309941
     afqtp89 |   .1827723   .0276758     6.60   0.000     .1285287    .2370159
       Total |   .3169066    .029504    10.74   0.000     .2590797    .3747335
-------------+----------------------------------------------------------------
unexplained  |
       age00 |  -.2179986   .3505872    -0.62   0.534    -.9051369    .4691397
         msa |  -.0087556   .0608959    -0.14   0.886    -.1281093    .1105982
    ctrlcity |   .0008589   .0148885     0.06   0.954    -.0283221    .0300398
north_cent~l |  -.0390512   .0234235    -1.67   0.095    -.0849604     .006858
     south00 |   -.016189   .0191011    -0.85   0.397    -.0536264    .0212484
        west |  -.0334226   .0139461    -2.40   0.017    -.0607564   -.0060889
      sch_10 |   -.009105   .0054687    -1.66   0.096    -.0198235    .0016134
    sch10_12 |  -.0076109   .0074956    -1.02   0.310    -.0223021    .0070802
  diploma_hs |  -.0330816   .0234899    -1.41   0.159     -.079121    .0129578
      ged_hs |  -.0063445   .0043512    -1.46   0.145    -.0148728    .0021838
       smcol |  -.0127257   .0151434    -0.84   0.401    -.0424062    .0169549
  master_col |  -.0117938   .0078885    -1.50   0.135    -.0272549    .0036674
  doctor_col |  -.0168215    .006802    -2.47   0.013    -.0301531   -.0034899
     afqtp89 |  -.0678843   .0580824    -1.17   0.243    -.1817236     .045955
       _cons |   .5017138   .3602985     1.39   0.164    -.2044584    1.207886
       Total |   .0217885   .0328261     0.66   0.507    -.0425495    .0861264
------------------------------------------------------------------------------
------------------------------------------------------------------------------
      W=,651 |      Coef.   Std. Err.      z    P>|z|     [95% Conf. Interval]
-------------+----------------------------------------------------------------
explained    |
       age00 |    .000034   .0004815     0.07   0.944    -.0009097    .0009776
         msa |   .0420079   .0101696     4.13   0.000     .0220757      .06194
    ctrlcity |  -.0180362   .0113684    -1.59   0.113    -.0403179    .0042456
north_cent~l |  -.0091065   .0055785    -1.63   0.103    -.0200403    .0018272
     south00 |   .0259723   .0091376     2.84   0.004     .0080629    .0438816
        west |   .0037369   .0034892     1.07   0.284    -.0031019    .0105756
      sch_10 |  -.0008775   .0035718    -0.25   0.806     -.007878     .006123
    sch10_12 |   .0261292   .0065136     4.01   0.000     .0133627    .0388957
  diploma_hs |   .0094692   .0068783     1.38   0.169    -.0040121    .0229505
      ged_hs |   .0142003   .0046459     3.06   0.002     .0050944    .0233061
       smcol |   .0035736   .0031746     1.13   0.260    -.0026484    .0097957
  master_col |   .0067393   .0026032     2.59   0.010     .0016371    .0118416
  doctor_col |   .0090778   .0029963     3.03   0.002     .0032052    .0149504
     afqtp89 |   .1578175   .0164344     9.60   0.000     .1256067    .1900282
       Total |   .2707377   .0203468    13.31   0.000     .2308586    .3106167
-------------+----------------------------------------------------------------
unexplained  |
       age00 |  -.2179192   .3504594    -0.62   0.534    -.9048069    .4689686
         msa |  -.0068678   .0477715    -0.14   0.886    -.1004982    .0867626
    ctrlcity |   .0017249    .029869     0.06   0.954    -.0568172     .060267
north_cent~l |    -.02611   .0156759    -1.67   0.096    -.0568341    .0046142
     south00 |  -.0262837   .0309861    -0.85   0.396    -.0870153    .0344479
        west |  -.0214626   .0089829    -2.39   0.017    -.0390688   -.0038564
      sch_10 |  -.0087974    .005274    -1.67   0.095    -.0191343    .0015395
    sch10_12 |  -.0116648   .0114537    -1.02   0.308    -.0341136     .010784
  diploma_hs |  -.0350475   .0248774    -1.41   0.159    -.0838064    .0137114
      ged_hs |  -.0101854   .0069169    -1.47   0.141    -.0237423    .0033715
       smcol |  -.0135832   .0161587    -0.84   0.401    -.0452536    .0180872
  master_col |  -.0068443   .0045968    -1.49   0.137     -.015854    .0021653
  doctor_col |   -.007786   .0032228    -2.42   0.016    -.0141026   -.0014694
     afqtp89 |  -.0429294   .0367356    -1.17   0.243    -.1149299     .029071
       _cons |   .5017138   .3602985     1.39   0.164    -.2044584    1.207886
       Total |   .0679574   .0255505     2.66   0.008     .0178792    .1180355
------------------------------------------------------------------------------

. ************;
. gen east=0;

. replace east=1 if west==0 & north_central==0 & south00==0;
(846 real changes made)

. reg lropc00 age00 msa ctrlcity east north_central west 
>        sch10_12 diploma_hs  ged_hs smcol bachelor_col  master_col doctor_col afqtp89  
>        if female==0 & white==1;

      Source |       SS       df       MS              Number of obs =    1416
-------------+------------------------------           F( 14,  1401) =   43.59
       Model |  130.228468    14  9.30203342           Prob > F      =  0.0000
    Residual |  298.965258  1401  .213394189           R-squared     =  0.3034
-------------+------------------------------           Adj R-squared =  0.2965
       Total |  429.193726  1415  .303317121           Root MSE      =  .46195

------------------------------------------------------------------------------
     lropc00 |      Coef.   Std. Err.      t    P>|t|     [95% Conf. Interval]
-------------+----------------------------------------------------------------
       age00 |  -.0001646   .0056431    -0.03   0.977    -.0112344    .0109052
         msa |   .1641434   .0463665     3.54   0.000     .0731882    .2550986
    ctrlcity |   .0687596   .0538729     1.28   0.202    -.0369206    .1744399
        east |   .1051801   .0376958     2.79   0.005     .0312339    .1791264
north_cent~l |   .0148376   .0308868     0.48   0.631    -.0457518    .0754269
        west |    .075465   .0385619     1.96   0.051    -.0001803    .1511103
    sch10_12 |   .0523459   .0742922     0.70   0.481      -.09339    .1980818
  diploma_hs |   .1156464   .0659156     1.75   0.080    -.0136574    .2449503
      ged_hs |   .0327528   .0855928     0.38   0.702     -.135151    .2006566
       smcol |   .2878522   .0713268     4.04   0.000     .1479333     .427771
bachelor_col |   .4704727   .0758578     6.20   0.000     .3216657    .6192798
  master_col |   .5758195   .0887433     6.49   0.000     .4017354    .7499036
  doctor_col |   .6963606   .1110099     6.27   0.000     .4785971    .9141241
     afqtp89 |   .4587378   .0600892     7.63   0.000     .3408633    .5766122
       _cons |   2.226559   .2259791     9.85   0.000     1.783265    2.669853
------------------------------------------------------------------------------

. estimates store white3;

. reg lropc00 age00 msa ctrlcity east north_central west 
>        sch10_12 diploma_hs  ged_hs smcol bachelor_col master_col doctor_col  afqtp89  
>        if female==0 & black==1;

      Source |       SS       df       MS              Number of obs =     759
-------------+------------------------------           F( 14,   744) =   22.83
       Model |  58.0494795    14   4.1463914           Prob > F      =  0.0000
    Residual |  135.152187   744  .181656165           R-squared     =  0.3005
-------------+------------------------------           Adj R-squared =  0.2873
       Total |  193.201666   758  .254883465           Root MSE      =  .42621

------------------------------------------------------------------------------
     lropc00 |      Coef.   Std. Err.      t    P>|t|     [95% Conf. Interval]
-------------+----------------------------------------------------------------
       age00 |   .0053828   .0071789     0.75   0.454    -.0087106    .0194762
         msa |   .1764269    .066767     2.64   0.008     .0453527     .307501
    ctrlcity |   .0647053   .0677443     0.96   0.340    -.0682873     .197698
        east |   .0517453   .0474784     1.09   0.276    -.0414623    .1449529
north_cent~l |   .0749977   .0433393     1.73   0.084    -.0100841    .1600795
        west |   .2279314   .0617944     3.69   0.000     .1066192    .3492435
    sch10_12 |  -.0630681   .0846162    -0.75   0.456    -.2291831     .103047
  diploma_hs |    .008898   .0786518     0.11   0.910    -.1455079    .1633039
      ged_hs |  -.0195785   .0913126    -0.21   0.830    -.1988396    .1596825
       smcol |   .1412225   .0845503     1.67   0.095     -.024763    .3072081
bachelor_col |   .2721344   .0950592     2.86   0.004     .0855182    .4587505
  master_col |   .5705946    .136744     4.17   0.000     .3021446    .8390445
  doctor_col |   1.239301   .2659518     4.66   0.000     .7171953    1.761406
     afqtp89 |   .5749382   .0861636     6.67   0.000     .4057856    .7440909
       _cons |   1.988105   .2894626     6.87   0.000     1.419845    2.556366
------------------------------------------------------------------------------

. estimates store black3;

. oaxaca8 white3 black3, weight(1 0 0.651) detail(east north_central west)  notf;
(high estimates: white3; low estimates: black3)

                                                 Mean prediction 1 =  2.897854
                                                 Mean prediction 2 =  2.559159
------------------------------------------------------------------------------
             |      Coef.   Std. Err.      z    P>|z|     [95% Conf. Interval]
-------------+----------------------------------------------------------------
  difference |   .3386951   .0237033    14.29   0.000     .2922375    .3851526
------------------------------------------------------------------------------

Linear decompositions
------------------------------------------------------------------------------
         W=1 |      Coef.   Std. Err.      z    P>|z|     [95% Conf. Interval]
-------------+----------------------------------------------------------------
explained    |
       age00 |  -3.54e-06   .0005772    -0.01   0.995    -.0011349    .0011278
         msa |   .0406959    .012067     3.37   0.001     .0170449    .0643468
    ctrlcity |  -.0182768   .0144326    -1.27   0.205    -.0465643    .0100106
        east |   .0035094   .0021962     1.60   0.110     -.000795    .0078137
north_cent~l |    .002635   .0055223     0.48   0.633    -.0081886    .0134586
        west |   .0067964   .0036611     1.86   0.063    -.0003793    .0139721
    sch10_12 |   -.003569   .0052445    -0.68   0.496    -.0138481      .00671
  diploma_hs |  -.0034667     .00347    -1.00   0.318    -.0102678    .0033345
      ged_hs |  -.0012476   .0034161    -0.37   0.715    -.0079429    .0054478
       smcol |  -.0064392   .0058434    -1.10   0.270    -.0178921    .0050136
bachelor_col |   .0459024   .0105022     4.37   0.000     .0253185    .0664862
  master_col |   .0220203   .0058434     3.77   0.000     .0105675    .0334731
  doctor_col |   .0129845   .0038248     3.39   0.001     .0054881     .020481
     afqtp89 |   .1434662   .0194974     7.36   0.000     .1052519    .1816805
       Total |   .2450072   .0235826    10.39   0.000     .1987861    .2912283
-------------+----------------------------------------------------------------
unexplained  |
       age00 |  -.2127825   .3502528    -0.61   0.544    -.8992655    .4737004
         msa |  -.0061498   .0407248    -0.15   0.880    -.0859689    .0736692
    ctrlcity |   .0017734   .0378924     0.05   0.963    -.0724943    .0760411
        east |   .0074626   .0085274     0.88   0.382    -.0092508     .024176
north_cent~l |  -.0103041   .0091813    -1.12   0.262    -.0282992    .0076909
        west |  -.0112492   .0056086    -2.01   0.045    -.0222417   -.0002566
    sch10_12 |    .017487   .0171897     1.02   0.309    -.0162042    .0511781
  diploma_hs |    .038255   .0368661     1.04   0.299    -.0340011    .1105112
      ged_hs |   .0041369   .0099827     0.41   0.679    -.0154289    .0237026
       smcol |    .034967   .0265319     1.32   0.188    -.0170346    .0869687
bachelor_col |   .0216892   .0135583     1.60   0.110    -.0048846    .0482629
  master_col |   .0001101   .0035402     0.03   0.975    -.0068286    .0070489
  doctor_col |   -.002146   .0018055    -1.19   0.235    -.0056848    .0013928
     afqtp89 |  -.0280152   .0253597    -1.10   0.269    -.0777193     .021689
       _cons |   .2384535   .3672262     0.65   0.516    -.4812967    .9582037
       Total |   .0936879   .0284862     3.29   0.001      .037856    .1495198
------------------------------------------------------------------------------
------------------------------------------------------------------------------
         W=0 |      Coef.   Std. Err.      z    P>|z|     [95% Conf. Interval]
-------------+----------------------------------------------------------------
explained    |
       age00 |   .0001156   .0009101     0.13   0.899    -.0016682    .0018995
         msa |   .0437413   .0170437     2.57   0.010     .0103363    .0771463
    ctrlcity |  -.0171992   .0181102    -0.95   0.342    -.0526946    .0182962
        east |   .0017265   .0019468     0.89   0.375    -.0020891    .0055421
north_cent~l |    .013319   .0078644     1.69   0.090    -.0020949    .0287329
        west |   .0205276   .0064343     3.19   0.001     .0079167    .0331385
    sch10_12 |   .0043001   .0059812     0.72   0.472    -.0074229    .0160231
  diploma_hs |  -.0002667   .0029045    -0.09   0.927    -.0059594    .0054259
      ged_hs |   .0007458   .0036301     0.21   0.837    -.0063691    .0078606
       smcol |  -.0031591   .0036485    -0.87   0.387    -.0103101    .0039918
bachelor_col |   .0265512   .0103117     2.57   0.010     .0063406    .0467618
  master_col |   .0218205   .0070919     3.08   0.002     .0079205    .0357204
  doctor_col |   .0231084   .0076168     3.03   0.002     .0081798     .038037
     afqtp89 |   .1798069   .0277266     6.48   0.000     .1254638      .23415
       Total |   .3151378   .0295336    10.67   0.000      .257253    .3730226
-------------+----------------------------------------------------------------
unexplained  |
       age00 |  -.2129017   .3504485    -0.61   0.544    -.8997682    .4739648
         msa |  -.0091953   .0608583    -0.15   0.880    -.1284754    .1100848
    ctrlcity |   .0006958   .0148789     0.05   0.963    -.0284663    .0298579
        east |   .0092454   .0105206     0.88   0.380    -.0113746    .0298655
north_cent~l |  -.0209881   .0185945    -1.13   0.259    -.0574326    .0154564
        west |  -.0249804   .0120494    -2.07   0.038    -.0485967    -.001364
    sch10_12 |   .0096178    .009458     1.02   0.309    -.0089195    .0281552
  diploma_hs |   .0350551   .0337502     1.04   0.299    -.0310941    .1012043
      ged_hs |   .0021435    .005176     0.41   0.679    -.0080014    .0122884
       smcol |   .0316869    .023989     1.32   0.187    -.0153306    .0787045
bachelor_col |   .0410404   .0252895     1.62   0.105    -.0085261    .0906068
  master_col |     .00031   .0097245     0.03   0.975    -.0187498    .0193697
  doctor_col |  -.0122698   .0069508    -1.77   0.078    -.0258932    .0013536
     afqtp89 |  -.0643559   .0581906    -1.11   0.269    -.1784074    .0496957
       _cons |   .2384535   .3672262     0.65   0.516    -.4812967    .9582037
       Total |   .0235573   .0328285     0.72   0.473    -.0407854    .0878999
------------------------------------------------------------------------------
------------------------------------------------------------------------------
      W=,651 |      Coef.   Std. Err.      z    P>|z|     [95% Conf. Interval]
-------------+----------------------------------------------------------------
explained    |
       age00 |   .0000381   .0004879     0.08   0.938    -.0009183    .0009944
         msa |   .0417587   .0101579     4.11   0.000     .0218496    .0616678
    ctrlcity |  -.0179007   .0113616    -1.58   0.115     -.040169    .0043676
        east |   .0028871   .0017742     1.63   0.104    -.0005902    .0063645
north_cent~l |   .0063637   .0045424     1.40   0.161    -.0025392    .0152667
        west |   .0115886   .0034906     3.32   0.001     .0047471    .0184301
    sch10_12 |  -.0008227   .0039596    -0.21   0.835    -.0085834     .006938
  diploma_hs |  -.0023499    .002519    -0.93   0.351     -.007287    .0025872
      ged_hs |  -.0005519   .0025523    -0.22   0.829    -.0055544    .0044506
       smcol |  -.0052945   .0047675    -1.11   0.267    -.0146386    .0040496
bachelor_col |   .0391488   .0085975     4.55   0.000      .022298    .0559996
  master_col |   .0219506   .0055271     3.97   0.000     .0111176    .0327835
  doctor_col |   .0165178   .0046286     3.57   0.000     .0074458    .0255897
     afqtp89 |   .1561491   .0164274     9.51   0.000     .1239519    .1883462
       Total |   .2694828   .0203586    13.24   0.000     .2295807    .3093848
-------------+----------------------------------------------------------------
unexplained  |
       age00 |  -.2128241   .3503208    -0.61   0.544    -.8994402     .473792
         msa |  -.0072127    .047742    -0.15   0.880    -.1007853    .0863599
    ctrlcity |   .0013973   .0298497     0.05   0.963    -.0571071    .0599017
        east |   .0080848   .0092007     0.88   0.380    -.0099482    .0261178
north_cent~l |  -.0140328   .0124395    -1.13   0.259    -.0384137    .0103481
        west |  -.0160414   .0077562    -2.07   0.039    -.0312432   -.0008395
    sch10_12 |   .0147406   .0144522     1.02   0.308    -.0135853    .0430665
  diploma_hs |   .0371383   .0357474     1.04   0.299    -.0329254    .1072019
      ged_hs |   .0034412   .0082791     0.42   0.678    -.0127856     .019668
       smcol |   .0338223   .0255922     1.32   0.186    -.0163376    .0839821
bachelor_col |   .0284427   .0175466     1.62   0.105    -.0059479    .0628334
  master_col |   .0001799   .0056507     0.03   0.975    -.0108953    .0112551
  doctor_col |  -.0056792   .0032615    -1.74   0.082    -.0120716    .0007132
     afqtp89 |  -.0406981   .0368038    -1.11   0.269    -.1128322     .031436
       _cons |   .2384535   .3672262     0.65   0.516    -.4812967    .9582037
       Total |   .0692123   .0255421     2.71   0.007     .0191508    .1192738
------------------------------------------------------------------------------

. 
end of do-file

. log close
       log:  C:\Class\Econ560\data\neills5.log
  log type:  text
 closed on:  15 Oct 2009, 15:15:25
--------------------------------------------------------------------------------------------------------
