-------------------------------------------------------------------------------------------------------
       log:  C:\Projects\FFL\DM1\DM_gender_T23.log
  log type:  text
 opened on:  27 Apr 2010, 14:10:30

. ** data is from O'Neill and O'Neill (2005), NBER WP no. 11240 with ind3 added by caseid ;
. use nlsy00_ind.dta, clear;

. drop if ind3<=0 | ind3>=990;
(89 observations deleted)

. *******;
. sort female;

. replace afqtp89=afqtp89/10.0;
afqtp89 was byte now float
(5309 real changes made)

. *** generate dummies for industrial sectors;
. gen primary=0;

. replace primary=1 if indd1==1 | indd2==1 | indd7==1 ;
(724 real changes made)

. gen manuf=0 ;

. replace manuf=1 if indd3==1 | indd4==1;
(947 real changes made)

. gen eduheal=0;

. replace eduheal=1 if indd11==1 | indd13==1;
(1295 real changes made)

. gen othind=0;

. replace othind=1 if indd5==1 | indd6==1 | indd8==1 | indd9==1 | indd10==1 | indd12==1;
(2343 real changes made)

.   gen ind5sum=primary+manuf+eduheal+othind;

. tab ind5sum;

    ind5sum |      Freq.     Percent        Cum.
------------+-----------------------------------
          1 |      5,309      100.00      100.00
------------+-----------------------------------
      Total |      5,309      100.00

. drop if ind5sum==0;
(0 observations deleted)

. sum female ;

    Variable |       Obs        Mean    Std. Dev.       Min        Max
-------------+--------------------------------------------------------
      female |      5309    .4999058    .5000471          0          1

. *** Means in Table 2, Column 1;
. by female: sum black age00 msa ctrlcity north_central south00 west hispanic black 
>          sch_10 sch10_12 diploma_hs ged_hs smcol bachelor_col master_col doctor_col afqtp89 
>         famrspb wkswk_18 yrsmil78_00 pcntpt_22 primary manuf eduheal othind lropc00;

-------------------------------------------------------------------------------------------------------
-> female = 0

    Variable |       Obs        Mean    Std. Dev.       Min        Max
-------------+--------------------------------------------------------
       black |      2655    .2847458    .4513783          0          1
       age00 |      2655    38.38041    2.233014         35         43
         msa |      2655     .639548     .480222          0          1
    ctrlcity |      2655    .2937853    .4555806          0          1
north_cent~l |      2655    .2421846    .4284861          0          1
-------------+--------------------------------------------------------
     south00 |      2655    .3988701    .4897582          0          1
        west |      2655    .1981168    .3986557          0          1
    hispanic |      2655     .193597    .3951911          0          1
       black |      2655    .2847458    .4513783          0          1
      sch_10 |      2655    .0527307    .2235374          0          1
-------------+--------------------------------------------------------
    sch10_12 |      2655    .1239171    .3295491          0          1
  diploma_hs |      2655    .3258004    .4687614          0          1
      ged_hs |      2655    .0557439    .2294697          0          1
       smcol |      2655    .2312618    .4217188          0          1
bachelor_col |      2655    .1551789    .3621434          0          1
-------------+--------------------------------------------------------
  master_col |      2655    .0414313     .199323          0          1
  doctor_col |      2655    .0150659    .1218381          0          1
     afqtp89 |      2655    4.230998    3.014303         .1        9.9
     famrspb |      2655    .1291902    .3354735          0          1
    wkswk_18 |      2655    17.15973    4.091827   .8269231   25.61539
-------------+--------------------------------------------------------
 yrsmil78_00 |      2655    .5782776    2.139105          0   20.07692
   pcntpt_22 |      2655    .0494499     .085542          0   .9885297
     primary |      2655     .186064    .3892316          0          1
       manuf |      2655    .2369115    .4252676          0          1
     eduheal |      2655    .1299435    .3363046          0          1
-------------+--------------------------------------------------------
      othind |      2655     .447081    .4972854          0          1
     lropc00 |      2655    2.762557    .5478666   1.321756   4.789074

-------------------------------------------------------------------------------------------------------
-> female = 1

    Variable |       Obs        Mean    Std. Dev.       Min        Max
-------------+--------------------------------------------------------
       black |      2654    .3183873    .4659385          0          1
       age00 |      2654    38.62547    2.234105         35         43
         msa |      2654    .6352675    .4814458          0          1
    ctrlcity |      2654     .302939    .4596156          0          1
north_cent~l |      2654    .2377543    .4257881          0          1
-------------+--------------------------------------------------------
     south00 |      2654    .4238885    .4942662          0          1
        west |      2654    .1861341    .3892882          0          1
    hispanic |      2654     .182743    .3865285          0          1
       black |      2654    .3183873    .4659385          0          1
      sch_10 |      2654    .0316503    .1751004          0          1
-------------+--------------------------------------------------------
    sch10_12 |      2654    .1043708    .3057985          0          1
  diploma_hs |      2654    .2980407    .4574837          0          1
      ged_hs |      2654    .0452148     .207814          0          1
       smcol |      2654    .3070836    .4613713          0          1
bachelor_col |      2654    .1529766    .3600328          0          1
-------------+--------------------------------------------------------
  master_col |      2654    .0542577    .2265682          0          1
  doctor_col |      2654    .0067822    .0820899          0          1
     afqtp89 |      2654    3.970799    2.708512         .1        9.9
     famrspb |      2654    .5474755    .4978348          0          1
    wkswk_18 |      2654    15.55929    4.912546   .1346154         26
-------------+--------------------------------------------------------
 yrsmil78_00 |      2654     .060011    .5922189          0         13
   pcntpt_22 |      2654    .1348241    .1666924          0   .9774951
     primary |      2654    .0866616    .2813916          0          1
       manuf |      2654    .1198191    .3248111          0          1
     eduheal |      2654    .3579503    .4794877          0          1
-------------+--------------------------------------------------------
      othind |      2654     .435569    .4959247          0          1
     lropc00 |      2654    2.529257    .5157366    1.26976   4.762174


. *******;
. *** Table 2, Column 2;
.  reg lropc00  age00 msa ctrlcity north_central south00 west hispanic black 
>          sch_10  diploma_hs ged_hs smcol bachelor_col master_col doctor_col afqtp89 
>         famrspb wkswk_18 yrsmil78_00 pcntpt_22 manuf  eduheal othind 
>       if female==0;

      Source |       SS       df       MS              Number of obs =    2655
-------------+------------------------------           F( 23,  2631) =   81.25
       Model |   330.84807    23  14.3846987           Prob > F      =  0.0000
    Residual |   465.77071  2631  .177031817           R-squared     =  0.4153
-------------+------------------------------           Adj R-squared =  0.4102
       Total |   796.61878  2654  .300157792           Root MSE      =  .42075

------------------------------------------------------------------------------
     lropc00 |      Coef.   Std. Err.      t    P>|t|     [95% Conf. Interval]
-------------+----------------------------------------------------------------
       age00 |  -.0321543   .0045529    -7.06   0.000     -.041082   -.0232267
         msa |   .1718373   .0335714     5.12   0.000     .1060083    .2376663
    ctrlcity |   .1142743   .0359282     3.18   0.001     .0438239    .1847246
north_cent~l |  -.0563412   .0267201    -2.11   0.035    -.1087357   -.0039467
     south00 |  -.1249403   .0246924    -5.06   0.000    -.1733588   -.0765218
        west |   .0392328   .0283111     1.39   0.166    -.0162814    .0947471
    hispanic |  -.0209782   .0246854    -0.85   0.395    -.0693829    .0274265
       black |   -.025246   .0234822    -1.08   0.282    -.0712913    .0207994
      sch_10 |  -.0270402   .0431325    -0.63   0.531    -.1116173    .0575368
  diploma_hs |  -.0125343   .0280445    -0.45   0.655    -.0675259    .0424573
      ged_hs |   .0321681   .0416351     0.77   0.440    -.0494728    .1138091
       smcol |   .1637959   .0312643     5.24   0.000     .1024909    .2251009
bachelor_col |   .3795008   .0366561    10.35   0.000     .3076231    .4513784
  master_col |   .5752536   .0517823    11.11   0.000     .4737155    .6767917
  doctor_col |   .8615013   .0766048    11.25   0.000     .7112896    1.011713
     afqtp89 |   .0415202   .0041725     9.95   0.000     .0333384    .0497019
     famrspb |  -.0784599   .0253367    -3.10   0.002    -.1281417    -.028778
    wkswk_18 |   .0379382   .0030431    12.47   0.000     .0319711    .0439052
 yrsmil78_00 |   .0239118   .0047311     5.05   0.000     .0146347    .0331889
   pcntpt_22 |  -.7494592   .0990955    -7.56   0.000    -.9437721   -.5551463
       manuf |   .0339186   .0258179     1.31   0.189    -.0167068    .0845439
     eduheal |  -.0587706   .0308646    -1.90   0.057     -.119292    .0017508
      othind |    .007519   .0235051     0.32   0.749    -.0385713    .0536093
       _cons |   2.993203   .1562552    19.16   0.000     2.686807    3.299598
------------------------------------------------------------------------------

.    *** Table 2, Column 3;
.   reg lropc00  age00 msa ctrlcity north_central south00 west hispanic black 
>          sch_10  diploma_hs ged_hs smcol bachelor_col master_col doctor_col afqtp89 
>         famrspb wkswk_18 yrsmil78_00 pcntpt_22 manuf  eduheal othind 
>       if female==1;

      Source |       SS       df       MS              Number of obs =    2654
-------------+------------------------------           F( 23,  2630) =   80.15
       Model |   290.79891    23  12.6434309           Prob > F      =  0.0000
    Residual |  414.857253  2630    .1577404           R-squared     =  0.4121
-------------+------------------------------           Adj R-squared =  0.4070
       Total |  705.656162  2653   .26598423           Root MSE      =  .39717

------------------------------------------------------------------------------
     lropc00 |      Coef.   Std. Err.      t    P>|t|     [95% Conf. Interval]
-------------+----------------------------------------------------------------
       age00 |  -.0286805   .0038145    -7.52   0.000    -.0361602   -.0212007
         msa |   .1207476   .0328597     3.67   0.000     .0563142     .185181
    ctrlcity |   .0964672   .0348313     2.77   0.006     .0281678    .1647667
north_cent~l |  -.1097264   .0257121    -4.27   0.000    -.1601444   -.0593083
     south00 |  -.1624246   .0236959    -6.85   0.000    -.2088891   -.1159601
        west |   .0039075   .0274068     0.14   0.887    -.0498335    .0576486
    hispanic |   .0605943   .0241806     2.51   0.012     .0131794    .1080093
       black |   .0432469   .0219345     1.97   0.049     .0002363    .0862576
      sch_10 |  -.0886028   .0500051    -1.77   0.077    -.1866561    .0094505
  diploma_hs |  -.0021204   .0286919    -0.07   0.941    -.0583813    .0541406
      ged_hs |  -.0117101   .0435073    -0.27   0.788    -.0970222     .073602
       smcol |   .1007256   .0300383     3.35   0.001     .0418245    .1596266
bachelor_col |   .2815155    .036081     7.80   0.000     .2107655    .3522654
  master_col |    .398682     .04591     8.68   0.000     .3086586    .4887053
  doctor_col |   .7629419   .1000162     7.63   0.000     .5668234    .9590603
     afqtp89 |   .0408583   .0041917     9.75   0.000     .0326388    .0490777
     famrspb |  -.0831851    .019357    -4.30   0.000    -.1211416   -.0452286
    wkswk_18 |   .0300273   .0021659    13.86   0.000     .0257803    .0342743
 yrsmil78_00 |   .0424699   .0132419     3.21   0.001     .0165043    .0684354
   pcntpt_22 |  -.1971643   .0486694    -4.05   0.000    -.2925985     -.10173
       manuf |   .1397334   .0349389     4.00   0.000     .0712228     .208244
     eduheal |   .0651851   .0297987     2.19   0.029     .0067538    .1236164
      othind |   .0877978   .0291073     3.02   0.003     .0307223    .1448733
       _cons |   2.865468   .1444198    19.84   0.000      2.58228    3.148656
------------------------------------------------------------------------------

.  *** Table 2, Column 4;
.      reg lropc00 age00 msa ctrlcity north_central south00 west hispanic black 
>          sch_10   diploma_hs ged_hs smcol bachelor_col master_col doctor_col afqtp89 
>         famrspb wkswk_18 yrsmil78_00 pcntpt_22 primary manuf  othind 
>        if female==0;

      Source |       SS       df       MS              Number of obs =    2655
-------------+------------------------------           F( 23,  2631) =   81.25
       Model |   330.84807    23  14.3846987           Prob > F      =  0.0000
    Residual |   465.77071  2631  .177031817           R-squared     =  0.4153
-------------+------------------------------           Adj R-squared =  0.4102
       Total |   796.61878  2654  .300157792           Root MSE      =  .42075

------------------------------------------------------------------------------
     lropc00 |      Coef.   Std. Err.      t    P>|t|     [95% Conf. Interval]
-------------+----------------------------------------------------------------
       age00 |  -.0321543   .0045529    -7.06   0.000     -.041082   -.0232267
         msa |   .1718373   .0335714     5.12   0.000     .1060083    .2376663
    ctrlcity |   .1142743   .0359282     3.18   0.001     .0438239    .1847246
north_cent~l |  -.0563412   .0267201    -2.11   0.035    -.1087357   -.0039467
     south00 |  -.1249403   .0246924    -5.06   0.000    -.1733588   -.0765218
        west |   .0392328   .0283111     1.39   0.166    -.0162814    .0947471
    hispanic |  -.0209782   .0246854    -0.85   0.395    -.0693829    .0274265
       black |   -.025246   .0234822    -1.08   0.282    -.0712913    .0207994
      sch_10 |  -.0270402   .0431325    -0.63   0.531    -.1116173    .0575368
  diploma_hs |  -.0125343   .0280445    -0.45   0.655    -.0675259    .0424573
      ged_hs |   .0321681   .0416351     0.77   0.440    -.0494728    .1138091
       smcol |   .1637959   .0312643     5.24   0.000     .1024909    .2251009
bachelor_col |   .3795008   .0366561    10.35   0.000     .3076231    .4513784
  master_col |   .5752536   .0517823    11.11   0.000     .4737155    .6767917
  doctor_col |   .8615013   .0766048    11.25   0.000     .7112896    1.011713
     afqtp89 |   .0415202   .0041725     9.95   0.000     .0333384    .0497019
     famrspb |  -.0784599   .0253367    -3.10   0.002    -.1281417    -.028778
    wkswk_18 |   .0379382   .0030431    12.47   0.000     .0319711    .0439052
 yrsmil78_00 |   .0239118   .0047311     5.05   0.000     .0146347    .0331889
   pcntpt_22 |  -.7494592   .0990955    -7.56   0.000    -.9437721   -.5551463
     primary |   .0587706   .0308646     1.90   0.057    -.0017508     .119292
       manuf |   .0926892   .0293349     3.16   0.002     .0351674     .150211
      othind |   .0662896   .0260613     2.54   0.011      .015187    .1173923
       _cons |   2.934432   .1568216    18.71   0.000     2.626926    3.241938
------------------------------------------------------------------------------

.  *** Table 2, Column 5;
.      reg lropc00 female age00 msa ctrlcity north_central south00 west hispanic black 
>          sch_10   diploma_hs ged_hs smcol bachelor_col master_col doctor_col afqtp89 
>         famrspb wkswk_18 yrsmil78_00 pcntpt_22 manuf  eduheal othind ;

      Source |       SS       df       MS              Number of obs =    5309
-------------+------------------------------           F( 24,  5284) =  167.03
       Model |  679.222971    24  28.3009571           Prob > F      =  0.0000
    Residual |   895.29289  5284  .169434688           R-squared     =  0.4314
-------------+------------------------------           Adj R-squared =  0.4288
       Total |  1574.51586  5308   .29663072           Root MSE      =  .41162

------------------------------------------------------------------------------
     lropc00 |      Coef.   Std. Err.      t    P>|t|     [95% Conf. Interval]
-------------+----------------------------------------------------------------
      female |   -.091793    .013752    -6.67   0.000    -.1187525   -.0648334
       age00 |  -.0287666   .0028933    -9.94   0.000    -.0344387   -.0230945
         msa |   .1428951   .0236056     6.05   0.000     .0966184    .1891718
    ctrlcity |   .0951704   .0250911     3.79   0.000     .0459815    .1443593
north_cent~l |   -.081797   .0186327    -4.39   0.000    -.1183248   -.0452691
     south00 |  -.1475364   .0171827    -8.59   0.000    -.1812215   -.1138513
        west |   .0185981   .0197951     0.94   0.348    -.0202086    .0574047
    hispanic |   .0157865   .0173486     0.91   0.363    -.0182239    .0497969
       black |   .0059257   .0161034     0.37   0.713    -.0256436     .037495
      sch_10 |  -.0452187   .0325338    -1.39   0.165    -.1089984    .0185609
  diploma_hs |  -.0034005   .0201253    -0.17   0.866    -.0428543    .0360534
      ged_hs |   .0057479   .0301772     0.19   0.849    -.0534118    .0649076
       smcol |   .1312893   .0216582     6.06   0.000     .0888302    .1737483
bachelor_col |     .32955   .0257555    12.80   0.000     .2790585    .3800415
  master_col |   .4677611   .0343501    13.62   0.000     .4004207    .5351015
  doctor_col |   .8072919   .0598046    13.50   0.000     .6900503    .9245336
     afqtp89 |   .0424681   .0029556    14.37   0.000      .036674    .0482622
     famrspb |  -.0672042    .015344    -4.38   0.000    -.0972847   -.0371237
    wkswk_18 |   .0326275   .0017339    18.82   0.000     .0292285    .0360266
 yrsmil78_00 |   .0205865    .003959     5.20   0.000     .0128251    .0283478
   pcntpt_22 |  -.3456776   .0438862    -7.88   0.000    -.4317127   -.2596425
       manuf |   .0722301   .0206196     3.50   0.000     .0318072     .112653
     eduheal |  -.0012859   .0204038    -0.06   0.950    -.0412858     .038714
      othind |   .0356949   .0180796     1.97   0.048     .0002514    .0711385
       _cons |   2.949047   .1051936    28.03   0.000     2.742824     3.15527
------------------------------------------------------------------------------

. *** Table 3, Column 1;
.      oaxaca lropc00 age00 msa ctrlcity north_central south00 west hispanic black 
>          sch_10 diploma_hs ged_hs smcol bachelor_col master_col doctor_col  afqtp89 
>         famrspb wkswk_18 yrsmil78_00 pcntpt_22 manuf eduheal othind,
>        by(female) weight(1) 
>         detail(groupdem:age00 msa ctrlcity north_central south00 west hispanic black,
>         groupaf:afqtp89, 
>         grouped:sch_10 diploma_hs ged_hs smcol bachelor_col master_col doctor_col ,
>         groupfam:famrspb, 
>         groupex:wkswk_18 yrsmil78_00 pcntpt_22 ,
>         groupind: manuf eduheal othind) ;

Blinder-Oaxaca decomposition                      Number of obs   =       5309

           1: female = 0
           2: female = 1

------------------------------------------------------------------------------
     lropc00 |      Coef.   Std. Err.      z    P>|z|     [95% Conf. Interval]
-------------+----------------------------------------------------------------
Differential |
Prediction_1 |   2.762557   .0106598   259.16   0.000     2.741664     2.78345
Prediction_2 |   2.529257   .0100367   252.00   0.000     2.509585    2.548928
  Difference |   .2333003   .0146413    15.93   0.000     .2046039    .2619967
-------------+----------------------------------------------------------------
Explained    |
    groupdem |   .0115371   .0032919     3.50   0.000     .0050851    .0179891
     grouped |  -.0124049   .0055175    -2.25   0.025     -.023219   -.0015907
     groupaf |   .0108035   .0034414     3.14   0.002     .0040584    .0175486
    groupfam |   .0328186   .0106373     3.09   0.002     .0119698    .0536674
     groupex |    .137095   .0112599    12.18   0.000     .1150259     .159164
    groupind |   .0174583   .0061707     2.83   0.005      .005364    .0295526
       Total |   .1973076   .0180079    10.96   0.000     .1620128    .2326024
-------------+----------------------------------------------------------------
Unexplained  |
    groupdem |  -.0978872   .2338861    -0.42   0.676    -.5562956    .3605212
     grouped |   .0454348   .0344576     1.32   0.187    -.0221009    .1129705
     groupaf |   .0026284    .023485     0.11   0.911    -.0434014    .0486582
    groupfam |   .0025869   .0174562     0.15   0.882    -.0316266    .0368005
     groupex |   .0475104   .0616535     0.77   0.441    -.0733281     .168349
    groupind |  -.0920156     .03294    -2.79   0.005    -.1565769   -.0274543
       _cons |   .1277349   .2127739     0.60   0.548    -.2892944    .5447641
       Total |   .0359927   .0185897     1.94   0.053    -.0004425    .0724279
------------------------------------------------------------------------------
groupdem: age00 msa ctrlcity north_central south00 west hispanic black
grouped: sch_10 diploma_hs ged_hs smcol bachelor_col master_col doctor_col
groupaf: afqtp89
groupfam: famrspb
groupex: wkswk_18 yrsmil78_00 pcntpt_22
groupind: manuf eduheal othind

. *** Table 3, Column 2;
.   oaxaca lropc00 age00 msa ctrlcity north_central south00 west hispanic black 
>          sch_10 diploma_hs ged_hs smcol bachelor_col master_col doctor_col  afqtp89 
>         famrspb wkswk_18 yrsmil78_00 pcntpt_22  primary eduheal othind,
>        by(female) weight(1) 
>         detail(groupdem:age00 msa ctrlcity north_central south00 west hispanic black,
>         groupaf:afqtp89, 
>         grouped:sch_10 diploma_hs ged_hs smcol bachelor_col master_col doctor_col ,
>         groupfam:famrspb, 
>         groupex:wkswk_18 yrsmil78_00 pcntpt_22 ,
>         groupind: primary eduheal othind) ;

Blinder-Oaxaca decomposition                      Number of obs   =       5309

           1: female = 0
           2: female = 1

------------------------------------------------------------------------------
     lropc00 |      Coef.   Std. Err.      z    P>|z|     [95% Conf. Interval]
-------------+----------------------------------------------------------------
Differential |
Prediction_1 |   2.762557   .0106598   259.16   0.000     2.741664     2.78345
Prediction_2 |   2.529257   .0100367   252.00   0.000     2.509585    2.548928
  Difference |   .2333003   .0146413    15.93   0.000     .2046039    .2619967
-------------+----------------------------------------------------------------
Explained    |
    groupdem |   .0115371   .0032919     3.50   0.000     .0050851    .0179891
     grouped |  -.0124049   .0055175    -2.25   0.025     -.023219   -.0015907
     groupaf |   .0108035   .0034414     3.14   0.002     .0040584    .0175486
    groupfam |   .0328186   .0106373     3.09   0.002     .0119698    .0536674
     groupex |    .137095   .0112599    12.18   0.000     .1150259     .159164
    groupind |   .0174583   .0061707     2.83   0.005      .005364    .0295526
       Total |   .1973076   .0180079    10.96   0.000     .1620128    .2326024
-------------+----------------------------------------------------------------
Unexplained  |
    groupdem |  -.0978872   .2338861    -0.42   0.676    -.5562956    .3605212
     grouped |   .0454348   .0344576     1.32   0.187    -.0221009    .1129705
     groupaf |   .0026284    .023485     0.11   0.911    -.0434014    .0486582
    groupfam |   .0025869   .0174562     0.15   0.882    -.0316266    .0368005
     groupex |   .0475104   .0616535     0.77   0.441    -.0733281     .168349
    groupind |   .0137992   .0283532     0.49   0.626    -.0417722    .0693705
       _cons |   .0219201   .2117714     0.10   0.918    -.3931443    .4369844
       Total |   .0359927   .0185897     1.94   0.053    -.0004425    .0724279
------------------------------------------------------------------------------
groupdem: age00 msa ctrlcity north_central south00 west hispanic black
grouped: sch_10 diploma_hs ged_hs smcol bachelor_col master_col doctor_col
groupaf: afqtp89
groupfam: famrspb
groupex: wkswk_18 yrsmil78_00 pcntpt_22
groupind: primary eduheal othind

. *** Table 3, Column 3;
.   oaxaca lropc00 age00 msa ctrlcity north_central south00 west hispanic black 
>          sch_10 sch10_12 diploma_hs ged_hs bachelor_col master_col doctor_col  afqtp89 
>         famrspb wkswk_18 yrsmil78_00 pcntpt_22  manuf eduheal othind,
>         by(female) weight(0) 
>         detail(groupdem:age00 msa ctrlcity north_central south00 west hispanic black,
>         groupaf:afqtp89, 
>         grouped:sch_10 sch10_12 diploma_hs ged_hs bachelor_col master_col doctor_col ,
>         groupfam:famrspb, 
>         groupex:wkswk_18 yrsmil78_00 pcntpt_22 ,
>         groupind: manuf eduheal othind) ;

Blinder-Oaxaca decomposition                      Number of obs   =       5309

           1: female = 0
           2: female = 1

------------------------------------------------------------------------------
     lropc00 |      Coef.   Std. Err.      z    P>|z|     [95% Conf. Interval]
-------------+----------------------------------------------------------------
Differential |
Prediction_1 |   2.762557   .0106598   259.16   0.000     2.741664     2.78345
Prediction_2 |   2.529257   .0100367   252.00   0.000     2.509585    2.548928
  Difference |   .2333003   .0146413    15.93   0.000     .2046039    .2619967
-------------+----------------------------------------------------------------
Explained    |
    groupdem |   .0094784   .0031157     3.04   0.002     .0033717    .0155851
     grouped |  -.0077608   .0044009    -1.76   0.078    -.0163864    .0008648
     groupaf |   .0106791   .0034073     3.13   0.002      .004001    .0173572
    groupfam |   .0348287    .008156     4.27   0.000     .0188433    .0508141
     groupex |   .0869987   .0098831     8.80   0.000     .0676281    .1063692
    groupind |   .0024117   .0050158     0.48   0.631    -.0074191    .0122424
       Total |   .1366357   .0143218     9.54   0.000     .1085655    .1647059
-------------+----------------------------------------------------------------
Unexplained  |
    groupdem |  -.0977918   .2325136    -0.42   0.674    -.5535101    .3579264
     grouped |  -.0218645   .0204702    -1.07   0.285    -.0619853    .0182563
     groupaf |   .0027562   .0250163     0.11   0.912    -.0462749    .0517873
    groupfam |   .0005559   .0041199     0.13   0.893     -.007519    .0086307
     groupex |   .0974398   .0673318     1.45   0.148    -.0345281    .2294078
    groupind |  -.0770291   .0290617    -2.65   0.008    -.1339889   -.0200692
       _cons |   .1925981   .2109645     0.91   0.361    -.2208846    .6060809
       Total |   .0966646   .0161679     5.98   0.000     .0649761     .128353
------------------------------------------------------------------------------
groupdem: age00 msa ctrlcity north_central south00 west hispanic black
grouped: sch_10 sch10_12 diploma_hs ged_hs bachelor_col master_col doctor_col
  doctor_col
groupaf: afqtp89
groupfam: famrspb
groupex: wkswk_18 yrsmil78_00 pcntpt_22
groupind: manuf eduheal othind

. *** Table 3, Column 4;
.   oaxaca lropc00 age00 msa ctrlcity north_central south00 west hispanic black 
>          sch_10 diploma_hs ged_hs smcol bachelor_col master_col doctor_col  afqtp89 
>         famrspb wkswk_18 yrsmil78_00 pcntpt_22  manuf eduheal othind,
>        by(female) weight(0.500926) 
>         detail(groupdem:age00 msa ctrlcity north_central south00 west hispanic black,
>         groupaf:afqtp89, 
>         grouped:sch_10 diploma_hs ged_hs smcol bachelor_col master_col doctor_col ,
>         groupfam:famrspb, 
>         groupex:wkswk_18 yrsmil78_00 pcntpt_22 ,
>         groupind: manuf eduheal othind) ;

Blinder-Oaxaca decomposition                      Number of obs   =       5309

           1: female = 0
           2: female = 1

------------------------------------------------------------------------------
     lropc00 |      Coef.   Std. Err.      z    P>|z|     [95% Conf. Interval]
-------------+----------------------------------------------------------------
Differential |
Prediction_1 |   2.762557   .0106598   259.16   0.000     2.741664     2.78345
Prediction_2 |   2.529257   .0100367   252.00   0.000     2.509585    2.548928
  Difference |   .2333003   .0146413    15.93   0.000     .2046039    .2619967
-------------+----------------------------------------------------------------
Explained    |
    groupdem |   .0105151   .0030171     3.49   0.000     .0046017    .0164284
     grouped |  -.0101371   .0047389    -2.14   0.032    -.0194252    -.000849
     groupaf |   .0107176   .0033298     3.22   0.001     .0041912    .0172439
    groupfam |    .033805   .0067379     5.02   0.000      .020599     .047011
     groupex |   .1120442    .008074    13.88   0.000     .0962194     .127869
    groupind |   .0099979   .0040054     2.50   0.013     .0021474    .0178483
       Total |   .1669427   .0132706    12.58   0.000     .1409328    .1929525
-------------+----------------------------------------------------------------
Unexplained  |
    groupdem |  -.0968652   .2331831    -0.42   0.678    -.5538957    .3601654
     grouped |    .043167   .0338935     1.27   0.203     -.023263     .109597
     groupaf |   .0027144   .0242531     0.11   0.911    -.0448207    .0502495
    groupfam |   .0016005   .0108001     0.15   0.882    -.0195672    .0227683
     groupex |   .0725612   .0641742     1.13   0.258    -.0532179    .1983404
    groupind |  -.0845552   .0308102    -2.74   0.006     -.144942   -.0241684
       _cons |   .1277349   .2127739     0.60   0.548    -.2892944    .5447641
       Total |   .0663576   .0146569     4.53   0.000     .0376306    .0950847
------------------------------------------------------------------------------
groupdem: age00 msa ctrlcity north_central south00 west hispanic black
grouped: sch_10 diploma_hs ged_hs smcol bachelor_col master_col doctor_col
groupaf: afqtp89
groupfam: famrspb
groupex: wkswk_18 yrsmil78_00 pcntpt_22
groupind: manuf eduheal othind

. *** Table 3, Column 5;
.   oaxaca lropc00 age00 msa ctrlcity north_central south00 west hispanic black 
>          sch_10 diploma_hs ged_hs smcol bachelor_col master_col doctor_col  afqtp89 
>         famrspb wkswk_18 yrsmil78_00 pcntpt_22  manuf eduheal othind,
>        by(female) pooled 
>         detail(groupdem:age00 msa ctrlcity north_central south00 west hispanic black,
>         groupaf:afqtp89, 
>         grouped:sch_10 diploma_hs ged_hs smcol bachelor_col master_col doctor_col ,
>         groupfam:famrspb, 
>         groupex:wkswk_18 yrsmil78_00 pcntpt_22 ,
>         groupind: manuf eduheal othind) ;

Blinder-Oaxaca decomposition                      Number of obs   =       5309

           1: female = 0
           2: female = 1

------------------------------------------------------------------------------
             |               Robust
     lropc00 |      Coef.   Std. Err.      z    P>|z|     [95% Conf. Interval]
-------------+----------------------------------------------------------------
Differential |
Prediction_1 |   2.762557   .0106321   259.83   0.000     2.741718    2.783395
Prediction_2 |   2.529257   .0100104   252.66   0.000     2.509637    2.548877
  Difference |   .2333003   .0146031    15.98   0.000     .2046787    .2619218
-------------+----------------------------------------------------------------
Explained    |
    groupdem |   .0103136   .0029705     3.47   0.001     .0044914    .0161357
     grouped |  -.0095283   .0046437    -2.05   0.040    -.0186298   -.0004268
     groupaf |   .0110502   .0034317     3.22   0.001     .0043242    .0177762
    groupfam |   .0281105    .006622     4.25   0.000     .0151316    .0410895
     groupex |   .0923997   .0070155    13.17   0.000     .0786494    .1061499
    groupind |   .0091617    .003619     2.53   0.011     .0020686    .0162548
       Total |   .1415073   .0121464    11.65   0.000     .1177008    .1653138
-------------+----------------------------------------------------------------
Unexplained  |
    groupdem |  -.0966636   .2401926    -0.40   0.687    -.5674324    .3741051
     grouped |   .0425582    .031011     1.37   0.170    -.0182222    .1033387
     groupaf |   .0023818   .0247265     0.10   0.923    -.0460812    .0508448
    groupfam |    .007295   .0096194     0.76   0.448    -.0115587    .0261487
     groupex |   .0922058   .0650471     1.42   0.156    -.0352842    .2196957
    groupind |   -.083719   .0315878    -2.65   0.008      -.14563   -.0218081
       _cons |   .1277349   .2162801     0.59   0.555    -.2961664    .5516361
       Total |    .091793   .0137999     6.65   0.000     .0647457    .1188402
------------------------------------------------------------------------------
groupdem: age00 msa ctrlcity north_central south00 west hispanic black
grouped: sch_10 diploma_hs ged_hs smcol bachelor_col master_col doctor_col
groupaf: afqtp89
groupfam: famrspb
groupex: wkswk_18 yrsmil78_00 pcntpt_22
groupind: manuf eduheal othind

. 
end of do-file

. log close
       log:  C:\Projects\FFL\DM1\DM_gender_T23.log
  log type:  text
 closed on:  27 Apr 2010, 14:11:12
-------------------------------------------------------------------------------------------------------
